#
# A fatal error has been detected by the Java Runtime Environment:
#
#  EXCEPTION_ACCESS_VIOLATION (0xc0000005) at pc=0x5595acf8, pid=5328, tid=3260
#
# JRE version: 7.0_17-b02
# Java VM: Java HotSpot(TM) Client VM (23.7-b01 mixed mode, sharing windows-x86 )
# Problematic frame:
# C  [nvoglv32.DLL+0x93acf8]  DrvPresentBuffers+0xab4f8
#
# Failed to write core dump. Minidumps are not enabled by default on client versions of Windows
#
# If you would like to submit a bug report, please visit:
#   http://bugreport.sun.com/bugreport/crash.jsp
# The crash happened outside the Java Virtual Machine in native code.
# See problematic frame for where to report the bug.
#

---------------  T H R E A D  ---------------

Current thread (0x03e68800):  JavaThread "AWT-EventQueue-0" [_thread_in_native, id=3260, stack(0x06120000,0x06170000)]

siginfo: ExceptionCode=0xc0000005, reading address 0x23e30004

Registers:
EAX=0x23e2ffcc, EBX=0x072e46e8, ECX=0x000030a7, EDX=0x23c2568c
ESP=0x0616ecb8, EBP=0x0616ecc4, ESI=0x0908a940, EDI=0x000c29c0
EIP=0x5595acf8, EFLAGS=0x00010202

Top of Stack: (sp=0x0616ecb8)
0x0616ecb8:   08360020 072e46e8 002cd300 0616ed10
0x0616ecc8:   558ceb28 08e80000 23c2568c 002cd300
0x0616ecd8:   0003f81b 5583d440 07550000 072e46e8
0x0616ece8:   00000000 00000000 0047a2f0 00000001
0x0616ecf8:   00000000 00000000 07550000 0616ed30
0x0616ed08:   558ce894 00000020 0616ed30 550e9182
0x0616ed18:   07550000 00000000 002cd300 23c2568c
0x0616ed28:   072e46e8 072e4788 0616ed60 5503a91c 

Instructions: (pc=0x5595acf8)
0x5595acd8:   eb 03 8b 7d 10 f6 c2 0f 74 56 83 ff 40 72 33 8b
0x5595ace8:   cf c1 e9 06 8d 64 24 00 0f 10 40 10 0f 10 48 20
0x5595acf8:   0f 10 50 30 0f 10 18 0f 2b 1e 0f 2b 46 10 0f 2b
0x5595ad08:   4e 20 0f 2b 56 30 83 c0 40 83 c6 40 83 ef 40 49 


Register to memory mapping:

EAX=0x23e2ffcc is an oop
java.io.FileDescriptor 
 - klass: 'java/io/FileDescriptor'
EBX=0x072e46e8 is an unknown value
ECX=0x000030a7 is an unknown value
EDX=
[error occurred during error reporting (printing register info), id 0xc0000005]

Stack: [0x06120000,0x06170000],  sp=0x0616ecb8,  free space=315k
Native frames: (J=compiled Java code, j=interpreted, Vv=VM code, C=native code)
C  [nvoglv32.DLL+0x93acf8]  DrvPresentBuffers+0xab4f8
C  [nvoglv32.DLL+0x8aeb28]  DrvPresentBuffers+0x1f328
C  [nvoglv32.DLL+0xc9182]
C  [nvoglv32.DLL+0x1a91c]
C  [nvoglv32.DLL+0x71f38a]
C  [nvoglv32.DLL+0x168e79]
C  [jogl_desktop.dll+0x3efa]  Java_jogamp_opengl_gl4_GL4bcImpl_dispatch_1glBufferData1__IJLjava_lang_Object_2IZIJ+0x62
j  jogamp.opengl.gl4.GL4bcImpl.dispatch_glBufferData1(IJLjava/lang/Object;IZIJ)V+0
j  jogamp.opengl.gl4.GL4bcImpl.glBufferData(IJLjava/nio/Buffer;I)V+81
j  plants.rendering.drawable.Cylinder.createGLRessources(Ljavax/media/opengl/GL3;)V+71
j  plants.rendering.drawable.Cylinder.<init>(Ljavax/media/opengl/GL3;FIILjavax/vecmath/Matrix4f;Ljavax/vecmath/Matrix4f;Z)V+30
j  plants.dataTree.TrunckTreeNode.createDrawableObjects(Ljavax/media/opengl/GL3;)V+26
j  plants.rendering.JOGLRenderer.createDrawableObjects(Ljavax/swing/tree/DefaultMutableTreeNode;)V+25
j  plants.rendering.JOGLRenderer.createDrawableObjects(Ljavax/swing/tree/DefaultMutableTreeNode;)V+42
j  plants.rendering.JOGLRenderer.createDrawableObjects(Ljavax/swing/tree/DefaultMutableTreeNode;)V+42
j  plants.rendering.JOGLRenderer.createTree()V+61
j  plants.rendering.JOGLRenderer.init(Ljavax/media/opengl/GLAutoDrawable;)V+582
j  jogamp.opengl.GLDrawableHelper.init(Ljavax/media/opengl/GLEventListener;Ljavax/media/opengl/GLAutoDrawable;Z)V+2
j  jogamp.opengl.GLDrawableHelper.init(Ljavax/media/opengl/GLAutoDrawable;Z)V+53
j  javax.media.opengl.awt.GLCanvas$6.run()V+26
j  jogamp.opengl.GLDrawableHelper.invokeGLImpl(Ljavax/media/opengl/GLDrawable;Ljavax/media/opengl/GLContext;Ljava/lang/Runnable;Ljava/lang/Runnable;Ljavax/media/opengl/GLAutoDrawable;)V+131
j  jogamp.opengl.GLDrawableHelper.invokeGL(Ljavax/media/opengl/GLDrawable;Ljavax/media/opengl/GLContext;Ljava/lang/Runnable;Ljava/lang/Runnable;)V+85
j  javax.media.opengl.awt.GLCanvas$8.run()V+49
j  java.awt.event.InvocationEvent.dispatch()V+11
j  java.awt.EventQueue.dispatchEventImpl(Ljava/awt/AWTEvent;Ljava/lang/Object;)V+21
j  java.awt.EventQueue.access$200(Ljava/awt/EventQueue;Ljava/awt/AWTEvent;Ljava/lang/Object;)V+3
j  java.awt.EventQueue$3.run()Ljava/lang/Void;+12
j  java.awt.EventQueue$3.run()Ljava/lang/Object;+1
v  ~StubRoutines::call_stub
V  [jvm.dll+0x12a34a]
V  [jvm.dll+0x1d968e]
V  [jvm.dll+0x12a3cd]
V  [jvm.dll+0xd9d0a]
C  [java.dll+0x102f]  Java_java_security_AccessController_doPrivileged__Ljava_security_PrivilegedAction_2Ljava_security_AccessControlContext_2+0x17
j  java.security.ProtectionDomain$1.doIntersectionPrivilege(Ljava/security/PrivilegedAction;Ljava/security/AccessControlContext;Ljava/security/AccessControlContext;)Ljava/lang/Object;+28
j  java.awt.EventQueue.dispatchEvent(Ljava/awt/AWTEvent;)V+46
j  java.awt.EventDispatchThread.pumpOneEventForFilters(I)V+245
j  java.awt.EventDispatchThread.pumpEventsForFilter(ILjava/awt/Conditional;Ljava/awt/EventFilter;)V+35
j  java.awt.EventDispatchThread.pumpEventsForHierarchy(ILjava/awt/Conditional;Ljava/awt/Component;)V+11
j  java.awt.EventDispatchThread.pumpEvents(ILjava/awt/Conditional;)V+4
j  java.awt.EventDispatchThread.pumpEvents(Ljava/awt/Conditional;)V+3
j  java.awt.EventDispatchThread.run()V+9
v  ~StubRoutines::call_stub
V  [jvm.dll+0x12a34a]
V  [jvm.dll+0x1d968e]
V  [jvm.dll+0x12a533]
V  [jvm.dll+0x12a597]
V  [jvm.dll+0xd306f]
V  [jvm.dll+0x14a647]
V  [jvm.dll+0x14a7b0]
V  [jvm.dll+0x17ee89]
C  [msvcr100.dll+0x5c6de]  endthreadex+0x3a
C  [msvcr100.dll+0x5c788]  endthreadex+0xe4
C  [kernel32.dll+0x4ed6c]  BaseThreadInitThunk+0x12
C  [ntdll.dll+0x6377b]  RtlInitializeExceptionChain+0xef
C  [ntdll.dll+0x6374e]  RtlInitializeExceptionChain+0xc2

Java frames: (J=compiled Java code, j=interpreted, Vv=VM code)
j  jogamp.opengl.gl4.GL4bcImpl.dispatch_glBufferData1(IJLjava/lang/Object;IZIJ)V+0
j  jogamp.opengl.gl4.GL4bcImpl.glBufferData(IJLjava/nio/Buffer;I)V+81
j  plants.rendering.drawable.Cylinder.createGLRessources(Ljavax/media/opengl/GL3;)V+71
j  plants.rendering.drawable.Cylinder.<init>(Ljavax/media/opengl/GL3;FIILjavax/vecmath/Matrix4f;Ljavax/vecmath/Matrix4f;Z)V+30
j  plants.dataTree.TrunckTreeNode.createDrawableObjects(Ljavax/media/opengl/GL3;)V+26
j  plants.rendering.JOGLRenderer.createDrawableObjects(Ljavax/swing/tree/DefaultMutableTreeNode;)V+25
j  plants.rendering.JOGLRenderer.createDrawableObjects(Ljavax/swing/tree/DefaultMutableTreeNode;)V+42
j  plants.rendering.JOGLRenderer.createDrawableObjects(Ljavax/swing/tree/DefaultMutableTreeNode;)V+42
j  plants.rendering.JOGLRenderer.createTree()V+61
j  plants.rendering.JOGLRenderer.init(Ljavax/media/opengl/GLAutoDrawable;)V+582
j  jogamp.opengl.GLDrawableHelper.init(Ljavax/media/opengl/GLEventListener;Ljavax/media/opengl/GLAutoDrawable;Z)V+2
j  jogamp.opengl.GLDrawableHelper.init(Ljavax/media/opengl/GLAutoDrawable;Z)V+53
j  javax.media.opengl.awt.GLCanvas$6.run()V+26
j  jogamp.opengl.GLDrawableHelper.invokeGLImpl(Ljavax/media/opengl/GLDrawable;Ljavax/media/opengl/GLContext;Ljava/lang/Runnable;Ljava/lang/Runnable;Ljavax/media/opengl/GLAutoDrawable;)V+131
j  jogamp.opengl.GLDrawableHelper.invokeGL(Ljavax/media/opengl/GLDrawable;Ljavax/media/opengl/GLContext;Ljava/lang/Runnable;Ljava/lang/Runnable;)V+85
j  javax.media.opengl.awt.GLCanvas$8.run()V+49
j  java.awt.event.InvocationEvent.dispatch()V+11
j  java.awt.EventQueue.dispatchEventImpl(Ljava/awt/AWTEvent;Ljava/lang/Object;)V+21
j  java.awt.EventQueue.access$200(Ljava/awt/EventQueue;Ljava/awt/AWTEvent;Ljava/lang/Object;)V+3
j  java.awt.EventQueue$3.run()Ljava/lang/Void;+12
j  java.awt.EventQueue$3.run()Ljava/lang/Object;+1
v  ~StubRoutines::call_stub
j  java.security.AccessController.doPrivileged(Ljava/security/PrivilegedAction;Ljava/security/AccessControlContext;)Ljava/lang/Object;+0
j  java.security.ProtectionDomain$1.doIntersectionPrivilege(Ljava/security/PrivilegedAction;Ljava/security/AccessControlContext;Ljava/security/AccessControlContext;)Ljava/lang/Object;+28
j  java.awt.EventQueue.dispatchEvent(Ljava/awt/AWTEvent;)V+46
j  java.awt.EventDispatchThread.pumpOneEventForFilters(I)V+245
j  java.awt.EventDispatchThread.pumpEventsForFilter(ILjava/awt/Conditional;Ljava/awt/EventFilter;)V+35
j  java.awt.EventDispatchThread.pumpEventsForHierarchy(ILjava/awt/Conditional;Ljava/awt/Component;)V+11
j  java.awt.EventDispatchThread.pumpEvents(ILjava/awt/Conditional;)V+4
j  java.awt.EventDispatchThread.pumpEvents(Ljava/awt/Conditional;)V+3
j  java.awt.EventDispatchThread.run()V+9
v  ~StubRoutines::call_stub

---------------  P R O C E S S  ---------------

Java Threads: ( => current thread )
  0x06604000 JavaThread "D3D Screen Updater" daemon [_thread_blocked, id=3064, stack(0x08470000,0x084c0000)]
  0x0140b400 JavaThread "DestroyJavaVM" [_thread_blocked, id=5416, stack(0x00560000,0x005b0000)]
  0x0673c400 JavaThread "Timer-0" [_thread_blocked, id=5836, stack(0x07640000,0x07690000)]
  0x03eaf800 JavaThread "main-SharedResourceRunner" daemon [_thread_blocked, id=3716, stack(0x03900000,0x03950000)]
=>0x03e68800 JavaThread "AWT-EventQueue-0" [_thread_in_native, id=3260, stack(0x06120000,0x06170000)]
  0x03d33400 JavaThread "AWT-Windows" daemon [_thread_in_native, id=1040, stack(0x040d0000,0x04120000)]
  0x03d32800 JavaThread "AWT-Shutdown" [_thread_blocked, id=5768, stack(0x03860000,0x038b0000)]
  0x03d30000 JavaThread "Java2D Disposer" daemon [_thread_blocked, id=3988, stack(0x04070000,0x040c0000)]
  0x0136a400 JavaThread "Service Thread" daemon [_thread_blocked, id=3864, stack(0x03b60000,0x03bb0000)]
  0x0135fc00 JavaThread "C1 CompilerThread0" daemon [_thread_blocked, id=5932, stack(0x03ad0000,0x03b20000)]
  0x0135e800 JavaThread "Attach Listener" daemon [_thread_blocked, id=5480, stack(0x03bd0000,0x03c20000)]
  0x0135b400 JavaThread "Signal Dispatcher" daemon [_thread_blocked, id=4260, stack(0x03950000,0x039a0000)]
  0x01349c00 JavaThread "Finalizer" daemon [_thread_blocked, id=4484, stack(0x038b0000,0x03900000)]
  0x01345000 JavaThread "Reference Handler" daemon [_thread_blocked, id=1292, stack(0x03a40000,0x03a90000)]

Other Threads:
  0x01343400 VMThread [stack: 0x039b0000,0x03a00000] [id=5408]
  0x01386400 WatcherThread [stack: 0x03c60000,0x03cb0000] [id=1816]

VM state:not at safepoint (normal execution)

VM Mutex/Monitor currently owned by a thread: None

Heap
 def new generation   total 4992K, used 4290K [0x238d0000, 0x23e30000, 0x28e20000)
  eden space 4480K,  84% used [0x238d0000, 0x23c80b50, 0x23d30000)
  from space 512K, 100% used [0x23db0000, 0x23e30000, 0x23e30000)
  to   space 512K,   0% used [0x23d30000, 0x23d30000, 0x23db0000)
 tenured generation   total 20164K, used 11988K [0x28e20000, 0x2a1d1000, 0x338d0000)
   the space 20164K,  59% used [0x28e20000, 0x299d5048, 0x299d5200, 0x2a1d1000)
 compacting perm gen  total 12288K, used 6457K [0x338d0000, 0x344d0000, 0x378d0000)
   the space 12288K,  52% used [0x338d0000, 0x33f1e4f0, 0x33f1e600, 0x344d0000)
    ro space 10240K,  42% used [0x378d0000, 0x37d11d60, 0x37d11e00, 0x382d0000)
    rw space 12288K,  54% used [0x382d0000, 0x38952928, 0x38952a00, 0x38ed0000)

Card table byte_map: [0x03760000,0x03810000] byte_map_base: 0x03643980

Polling page: 0x00380000

Code Cache  [0x01760000, 0x01878000, 0x03760000)
 total_blobs=707 nmethods=317 adapters=325 free_code_cache=31656Kb largest_free_block=32416576

Compilation events (10 events):
Event: 3.167 Thread 0x0135fc00  312             plants.rendering.drawable.VertexShape::setPositionRP (6 bytes)
Event: 3.167 Thread 0x0135fc00 nmethod 312 0x01870a88 code [0x01870b80, 0x01870c10]
Event: 3.167 Thread 0x0135fc00  313             plants.rendering.drawable.VertexShape::setPositionRB (6 bytes)
Event: 3.167 Thread 0x0135fc00 nmethod 313 0x01870c48 code [0x01870d40, 0x01870dd0]
Event: 3.168 Thread 0x0135fc00  314             plants.rendering.drawable.Cylinder::getData (268 bytes)
Event: 3.168 Thread 0x0135fc00 nmethod 314 0x01870e08 code [0x01870f50, 0x0187136c]
Event: 3.177 Thread 0x0135fc00  315             plants.rendering.drawable.Cylinder::createData (232 bytes)
Event: 3.178 Thread 0x0135fc00 nmethod 315 0x01871848 code [0x018719f0, 0x018720cc]
Event: 3.178 Thread 0x0135fc00  316             plants.rendering.drawable.Cylinder::regroupDataIntoTriangles (228 bytes)
Event: 3.181 Thread 0x0135fc00 nmethod 316 0x01872788 code [0x01872aa0, 0x01873b3c]

GC Heap History (10 events):
Event: 1.549 GC heap before
{Heap before GC invocations=5 (full 0):
 def new generation   total 4928K, used 4644K [0x238d0000, 0x23e20000, 0x28e20000)
  eden space 4416K, 100% used [0x238d0000, 0x23d20000, 0x23d20000)
  from space 512K,  44% used [0x23da0000, 0x23dd9058, 0x23e20000)
  to   space 512K,   0% used [0x23d20000, 0x23d20000, 0x23da0000)
 tenured generation   total 10944K, used 1924K [0x28e20000, 0x298d0000, 0x338d0000)
   the space 10944K,  17% used [0x28e20000, 0x29001088, 0x29001200, 0x298d0000)
 compacting perm gen  total 12288K, used 4324K [0x338d0000, 0x344d0000, 0x378d0000)
   the space 12288K,  35% used [0x338d0000, 0x33d09028, 0x33d09200, 0x344d0000)
    ro space 10240K,  42% used [0x378d0000, 0x37d11d60, 0x37d11e00, 0x382d0000)
    rw space 12288K,  54% used [0x382d0000, 0x38952928, 0x38952a00, 0x38ed0000)
Event: 1.552 GC heap after
Heap after GC invocations=6 (full 0):
 def new generation   total 4928K, used 512K [0x238d0000, 0x23e20000, 0x28e20000)
  eden space 4416K,   0% used [0x238d0000, 0x238d0000, 0x23d20000)
  from space 512K, 100% used [0x23d20000, 0x23da0000, 0x23da0000)
  to   space 512K,   0% used [0x23da0000, 0x23da0000, 0x23e20000)
 tenured generation   total 10944K, used 1947K [0x28e20000, 0x298d0000, 0x338d0000)
   the space 10944K,  17% used [0x28e20000, 0x29006ee8, 0x29007000, 0x298d0000)
 compacting perm gen  total 12288K, used 4324K [0x338d0000, 0x344d0000, 0x378d0000)
   the space 12288K,  35% used [0x338d0000, 0x33d09028, 0x33d09200, 0x344d0000)
    ro space 10240K,  42% used [0x378d0000, 0x37d11d60, 0x37d11e00, 0x382d0000)
    rw space 12288K,  54% used [0x382d0000, 0x38952928, 0x38952a00, 0x38ed0000)
}
Event: 1.964 GC heap before
{Heap before GC invocations=6 (full 0):
 def new generation   total 4928K, used 2596K [0x238d0000, 0x23e20000, 0x28e20000)
  eden space 4416K,  47% used [0x238d0000, 0x23ad90a8, 0x23d20000)
  from space 512K, 100% used [0x23d20000, 0x23da0000, 0x23da0000)
  to   space 512K,   0% used [0x23da0000, 0x23da0000, 0x23e20000)
 tenured generation   total 10944K, used 1947K [0x28e20000, 0x298d0000, 0x338d0000)
   the space 10944K,  17% used [0x28e20000, 0x29006ee8, 0x29007000, 0x298d0000)
 compacting perm gen  total 12288K, used 5314K [0x338d0000, 0x344d0000, 0x378d0000)
   the space 12288K,  43% used [0x338d0000, 0x33e00888, 0x33e00a00, 0x344d0000)
    ro space 10240K,  42% used [0x378d0000, 0x37d11d60, 0x37d11e00, 0x382d0000)
    rw space 12288K,  54% used [0x382d0000, 0x38952928, 0x38952a00, 0x38ed0000)
Event: 2.046 GC heap after
Heap after GC invocations=7 (full 1):
 def new generation   total 4992K, used 0K [0x238d0000, 0x23e30000, 0x28e20000)
  eden space 4480K,   0% used [0x238d0000, 0x238d0000, 0x23d30000)
  from space 512K,   0% used [0x23d30000, 0x23d30000, 0x23db0000)
  to   space 512K,   0% used [0x23db0000, 0x23db0000, 0x23e30000)
 tenured generation   total 10944K, used 2704K [0x28e20000, 0x298d0000, 0x338d0000)
   the space 10944K,  24% used [0x28e20000, 0x290c4090, 0x290c4200, 0x298d0000)
 compacting perm gen  total 12288K, used 5314K [0x338d0000, 0x344d0000, 0x378d0000)
   the space 12288K,  43% used [0x338d0000, 0x33e00888, 0x33e00a00, 0x344d0000)
    ro space 10240K,  42% used [0x378d0000, 0x37d11d60, 0x37d11e00, 0x382d0000)
    rw space 12288K,  54% used [0x382d0000, 0x38952928, 0x38952a00, 0x38ed0000)
}
Event: 2.231 GC heap before
{Heap before GC invocations=7 (full 1):
 def new generation   total 4992K, used 4474K [0x238d0000, 0x23e30000, 0x28e20000)
  eden space 4480K,  99% used [0x238d0000, 0x23d2e9d8, 0x23d30000)
  from space 512K,   0% used [0x23d30000, 0x23d30000, 0x23db0000)
  to   space 512K,   0% used [0x23db0000, 0x23db0000, 0x23e30000)
 tenured generation   total 20164K, used 11920K [0x28e20000, 0x2a1d1000, 0x338d0000)
   the space 20164K,  59% used [0x28e20000, 0x299c40a0, 0x299c4200, 0x2a1d1000)
 compacting perm gen  total 12288K, used 5322K [0x338d0000, 0x344d0000, 0x378d0000)
   the space 12288K,  43% used [0x338d0000, 0x33e02a18, 0x33e02c00, 0x344d0000)
    ro space 10240K,  42% used [0x378d0000, 0x37d11d60, 0x37d11e00, 0x382d0000)
    rw space 12288K,  54% used [0x382d0000, 0x38952928, 0x38952a00, 0x38ed0000)
Event: 2.232 GC heap after
Heap after GC invocations=8 (full 1):
 def new generation   total 4992K, used 6K [0x238d0000, 0x23e30000, 0x28e20000)
  eden space 4480K,   0% used [0x238d0000, 0x238d0000, 0x23d30000)
  from space 512K,   1% used [0x23db0000, 0x23db1b38, 0x23e30000)
  to   space 512K,   0% used [0x23d30000, 0x23d30000, 0x23db0000)
 tenured generation   total 20164K, used 11920K [0x28e20000, 0x2a1d1000, 0x338d0000)
   the space 20164K,  59% used [0x28e20000, 0x299c40a0, 0x299c4200, 0x2a1d1000)
 compacting perm gen  total 12288K, used 5322K [0x338d0000, 0x344d0000, 0x378d0000)
   the space 12288K,  43% used [0x338d0000, 0x33e02a18, 0x33e02c00, 0x344d0000)
    ro space 10240K,  42% used [0x378d0000, 0x37d11d60, 0x37d11e00, 0x382d0000)
    rw space 12288K,  54% used [0x382d0000, 0x38952928, 0x38952a00, 0x38ed0000)
}
Event: 2.310 GC heap before
{Heap before GC invocations=8 (full 1):
 def new generation   total 4992K, used 4480K [0x238d0000, 0x23e30000, 0x28e20000)
  eden space 4480K,  99% used [0x238d0000, 0x23d2e890, 0x23d30000)
  from space 512K,   1% used [0x23db0000, 0x23db1b38, 0x23e30000)
  to   space 512K,   0% used [0x23d30000, 0x23d30000, 0x23db0000)
 tenured generation   total 20164K, used 11920K [0x28e20000, 0x2a1d1000, 0x338d0000)
   the space 20164K,  59% used [0x28e20000, 0x299c40a0, 0x299c4200, 0x2a1d1000)
 compacting perm gen  total 12288K, used 5322K [0x338d0000, 0x344d0000, 0x378d0000)
   the space 12288K,  43% used [0x338d0000, 0x33e02a28, 0x33e02c00, 0x344d0000)
    ro space 10240K,  42% used [0x378d0000, 0x37d11d60, 0x37d11e00, 0x382d0000)
    rw space 12288K,  54% used [0x382d0000, 0x38952928, 0x38952a00, 0x38ed0000)
Event: 2.311 GC heap after
Heap after GC invocations=9 (full 1):
 def new generation   total 4992K, used 6K [0x238d0000, 0x23e30000, 0x28e20000)
  eden space 4480K,   0% used [0x238d0000, 0x238d0000, 0x23d30000)
  from space 512K,   1% used [0x23d30000, 0x23d31b38, 0x23db0000)
  to   space 512K,   0% used [0x23db0000, 0x23db0000, 0x23e30000)
 tenured generation   total 20164K, used 11920K [0x28e20000, 0x2a1d1000, 0x338d0000)
   the space 20164K,  59% used [0x28e20000, 0x299c40a0, 0x299c4200, 0x2a1d1000)
 compacting perm gen  total 12288K, used 5322K [0x338d0000, 0x344d0000, 0x378d0000)
   the space 12288K,  43% used [0x338d0000, 0x33e02a28, 0x33e02c00, 0x344d0000)
    ro space 10240K,  42% used [0x378d0000, 0x37d11d60, 0x37d11e00, 0x382d0000)
    rw space 12288K,  54% used [0x382d0000, 0x38952928, 0x38952a00, 0x38ed0000)
}
Event: 3.138 GC heap before
{Heap before GC invocations=9 (full 1):
 def new generation   total 4992K, used 4479K [0x238d0000, 0x23e30000, 0x28e20000)
  eden space 4480K,  99% used [0x238d0000, 0x23d2e0f0, 0x23d30000)
  from space 512K,   1% used [0x23d30000, 0x23d31b38, 0x23db0000)
  to   space 512K,   0% used [0x23db0000, 0x23db0000, 0x23e30000)
 tenured generation   total 20164K, used 11920K [0x28e20000, 0x2a1d1000, 0x338d0000)
   the space 20164K,  59% used [0x28e20000, 0x299c40a0, 0x299c4200, 0x2a1d1000)
 compacting perm gen  total 12288K, used 6448K [0x338d0000, 0x344d0000, 0x378d0000)
   the space 12288K,  52% used [0x338d0000, 0x33f1c250, 0x33f1c400, 0x344d0000)
    ro space 10240K,  42% used [0x378d0000, 0x37d11d60, 0x37d11e00, 0x382d0000)
    rw space 12288K,  54% used [0x382d0000, 0x38952928, 0x38952a00, 0x38ed0000)
Event: 3.140 GC heap after
Heap after GC invocations=10 (full 1):
 def new generation   total 4992K, used 512K [0x238d0000, 0x23e30000, 0x28e20000)
  eden space 4480K,   0% used [0x238d0000, 0x238d0000, 0x23d30000)
  from space 512K, 100% used [0x23db0000, 0x23e30000, 0x23e30000)
  to   space 512K,   0% used [0x23d30000, 0x23d30000, 0x23db0000)
 tenured generation   total 20164K, used 11988K [0x28e20000, 0x2a1d1000, 0x338d0000)
   the space 20164K,  59% used [0x28e20000, 0x299d5048, 0x299d5200, 0x2a1d1000)
 compacting perm gen  total 12288K, used 6448K [0x338d0000, 0x344d0000, 0x378d0000)
   the space 12288K,  52% used [0x338d0000, 0x33f1c250, 0x33f1c400, 0x344d0000)
    ro space 10240K,  42% used [0x378d0000, 0x37d11d60, 0x37d11e00, 0x382d0000)
    rw space 12288K,  54% used [0x382d0000, 0x38952928, 0x38952a00, 0x38ed0000)
}

Deoptimization events (0 events):
No events

Internal exceptions (10 events):
Event: 3.126 Thread 0x03e68800 Threw 0x23cf6020 at C:\jdk7u2_32P\jdk7u17\hotspot\src\share\vm\prims\jvm.cpp:1166
Event: 3.127 Thread 0x03e68800 Threw 0x23cfcf20 at C:\jdk7u2_32P\jdk7u17\hotspot\src\share\vm\prims\jvm.cpp:1166
Event: 3.130 Thread 0x03e68800 Threw 0x23d075b0 at C:\jdk7u2_32P\jdk7u17\hotspot\src\share\vm\prims\jvm.cpp:1166
Event: 3.131 Thread 0x03e68800 Threw 0x23d0b328 at C:\jdk7u2_32P\jdk7u17\hotspot\src\share\vm\prims\jvm.cpp:1166
Event: 3.131 Thread 0x03e68800 Threw 0x23d0e820 at C:\jdk7u2_32P\jdk7u17\hotspot\src\share\vm\prims\jvm.cpp:1166
Event: 3.132 Thread 0x03e68800 Threw 0x23d10358 at C:\jdk7u2_32P\jdk7u17\hotspot\src\share\vm\prims\jvm.cpp:1166
Event: 3.133 Thread 0x03e68800 Threw 0x23d13da8 at C:\jdk7u2_32P\jdk7u17\hotspot\src\share\vm\prims\jvm.cpp:1166
Event: 3.134 Thread 0x03e68800 Threw 0x23d18cc8 at C:\jdk7u2_32P\jdk7u17\hotspot\src\share\vm\prims\jvm.cpp:1166
Event: 3.135 Thread 0x03e68800 Threw 0x23d1fe20 at C:\jdk7u2_32P\jdk7u17\hotspot\src\share\vm\prims\jvm.cpp:1166
Event: 3.137 Thread 0x03e68800 Threw 0x23d2a5c8 at C:\jdk7u2_32P\jdk7u17\hotspot\src\share\vm\prims\jvm.cpp:1166

Events (10 events):
Event: 3.135 loading class 0x067ee380
Event: 3.135 loading class 0x067ee380 done
Event: 3.136 loading class 0x38ef19b8
Event: 3.136 loading class 0x38ef19b8 done
Event: 3.136 loading class 0x38f09060
Event: 3.137 loading class 0x38f09060 done
Event: 3.137 loading class 0x067fb280
Event: 3.137 loading class 0x067fb280 done
Event: 3.138 Executing VM operation: GenCollectForAllocation
Event: 3.140 Executing VM operation: GenCollectForAllocation done


Dynamic libraries:
0x00310000 - 0x0033f000 	C:\Program Files\Java\jre7\bin\javaw.exe
0x773a0000 - 0x774dc000 	C:\Windows\SYSTEM32\ntdll.dll
0x76c10000 - 0x76ce4000 	C:\Windows\system32\kernel32.dll
0x75570000 - 0x755bb000 	C:\Windows\system32\KERNELBASE.dll
0x75df0000 - 0x75e90000 	C:\Windows\system32\ADVAPI32.dll
0x774f0000 - 0x7759c000 	C:\Windows\system32\msvcrt.dll
0x757d0000 - 0x757e9000 	C:\Windows\SYSTEM32\sechost.dll
0x75800000 - 0x758a1000 	C:\Windows\system32\RPCRT4.dll
0x75aa0000 - 0x75b69000 	C:\Windows\system32\USER32.dll
0x75da0000 - 0x75dee000 	C:\Windows\system32\GDI32.dll
0x76b70000 - 0x76b7a000 	C:\Windows\system32\LPK.dll
0x76d50000 - 0x76ded000 	C:\Windows\system32\USP10.dll
0x74060000 - 0x741fe000 	C:\Windows\WinSxS\x86_microsoft.windows.common-controls_6595b64144ccf1df_6.0.7601.17514_none_41e6975e2bd6f2b2\COMCTL32.dll
0x76cf0000 - 0x76d47000 	C:\Windows\system32\SHLWAPI.dll
0x775a0000 - 0x775bf000 	C:\Windows\system32\IMM32.DLL
0x758b0000 - 0x7597c000 	C:\Windows\system32\MSCTF.dll
0x5bcf0000 - 0x5bdae000 	C:\Program Files\Java\jre7\bin\msvcr100.dll
0x5b950000 - 0x5bc9c000 	C:\Program Files\Java\jre7\bin\client\jvm.dll
0x712e0000 - 0x712e7000 	C:\Windows\system32\WSOCK32.dll
0x75c00000 - 0x75c35000 	C:\Windows\system32\WS2_32.dll
0x757f0000 - 0x757f6000 	C:\Windows\system32\NSI.dll
0x73950000 - 0x73982000 	C:\Windows\system32\WINMM.dll
0x775c0000 - 0x775c5000 	C:\Windows\system32\PSAPI.DLL
0x66610000 - 0x6661c000 	C:\Program Files\Java\jre7\bin\verify.dll
0x64ba0000 - 0x64bc0000 	C:\Program Files\Java\jre7\bin\java.dll
0x62c30000 - 0x62c43000 	C:\Program Files\Java\jre7\bin\zip.dll
0x57ee0000 - 0x58022000 	C:\Program Files\Java\jre7\bin\awt.dll
0x76ae0000 - 0x76b6f000 	C:\Windows\system32\OLEAUT32.dll
0x75c40000 - 0x75d9c000 	C:\Windows\system32\ole32.dll
0x73cf0000 - 0x73d03000 	C:\Windows\system32\DWMAPI.DLL
0x73fe0000 - 0x74020000 	C:\Windows\system32\uxtheme.dll
0x75370000 - 0x7537c000 	C:\Windows\system32\CRYPTBASE.dll
0x60990000 - 0x60b53000 	C:\Windows\system32\d3d9.dll
0x748e0000 - 0x748e9000 	C:\Windows\system32\VERSION.dll
0x72f30000 - 0x72f36000 	C:\Windows\system32\d3d8thk.dll
0x5c310000 - 0x5d169000 	C:\Windows\system32\nvd3dum.dll
0x74720000 - 0x74745000 	C:\Windows\system32\powrprof.dll
0x77200000 - 0x7739d000 	C:\Windows\system32\SETUPAPI.dll
0x75480000 - 0x754a7000 	C:\Windows\system32\CFGMGR32.dll
0x755d0000 - 0x755e2000 	C:\Windows\system32\DEVOBJ.dll
0x75e90000 - 0x76ada000 	C:\Windows\system32\SHELL32.dll
0x74ea0000 - 0x74eb6000 	C:\Windows\system32\CRYPTSP.dll
0x74c40000 - 0x74c7b000 	C:\Windows\system32\rsaenh.dll
0x74a50000 - 0x74a67000 	C:\Windows\system32\USERENV.dll
0x753f0000 - 0x753fb000 	C:\Windows\system32\profapi.dll
0x60930000 - 0x60944000 	C:\Program Files\Java\jre7\bin\net.dll
0x74e60000 - 0x74e9c000 	C:\Windows\system32\mswsock.dll
0x74e50000 - 0x74e56000 	C:\Windows\System32\wship6.dll
0x73b20000 - 0x73b30000 	C:\Windows\system32\NLAapi.dll
0x6f5d0000 - 0x6f5e0000 	C:\Windows\system32\napinsp.dll
0x6f5b0000 - 0x6f5c2000 	C:\Windows\system32\pnrpnsp.dll
0x74d20000 - 0x74d64000 	C:\Windows\system32\DNSAPI.dll
0x6f590000 - 0x6f598000 	C:\Windows\System32\winrnr.dll
0x74970000 - 0x74975000 	C:\Windows\System32\wshtcpip.dll
0x73800000 - 0x7381c000 	C:\Windows\system32\IPHLPAPI.DLL
0x737f0000 - 0x737f7000 	C:\Windows\system32\WINNSI.DLL
0x6f580000 - 0x6f586000 	C:\Windows\system32\rasadhlp.dll
0x73700000 - 0x73738000 	C:\Windows\System32\fwpuclnt.dll
0x66600000 - 0x6660e000 	C:\Program Files\Java\jre7\bin\nio.dll
0x637c0000 - 0x637ca000 	C:\Users\Bastien\AppData\Local\Temp\jogamp_0000\file_cache\jln9163843216949779519\jln2074125425400118640\gluegen-rt.dll
0x73330000 - 0x73336000 	C:\Program Files\Java\jre7\bin\jawt.dll
0x6a440000 - 0x6a44a000 	C:\Users\Bastien\AppData\Local\Temp\jogamp_0000\file_cache\jln9163843216949779519\jln2074125425400118640\nativewindow_awt.dll
0x6c100000 - 0x6c110000 	C:\Users\Bastien\AppData\Local\Temp\jogamp_0000\file_cache\jln9163843216949779519\jln2074125425400118640\nativewindow_win32.dll
0x5beb0000 - 0x5bf78000 	C:\Windows\system32\OpenGL32.dll
0x73300000 - 0x73322000 	C:\Windows\system32\GLU32.dll
0x58090000 - 0x58177000 	C:\Windows\system32\DDRAW.dll
0x74040000 - 0x74046000 	C:\Windows\system32\DCIMAN32.dll
0x64500000 - 0x6456a000 	C:\Users\Bastien\AppData\Local\Temp\jogamp_0000\file_cache\jln9163843216949779519\jln2074125425400118640\jogl_desktop.dll
0x55020000 - 0x563dd000 	C:\Windows\system32\nvoglv32.DLL
0x75720000 - 0x7574d000 	C:\Windows\system32\WINTRUST.dll
0x75600000 - 0x7571e000 	C:\Windows\system32\CRYPT32.dll
0x75460000 - 0x7546c000 	C:\Windows\system32\MSASN1.dll
0x73cc0000 - 0x73ce1000 	C:\Windows\system32\ntmarta.dll
0x76ff0000 - 0x77035000 	C:\Windows\system32\WLDAP32.dll
0x64000000 - 0x6402a000 	C:\Program Files\Java\jre7\bin\fontmanager.dll
0x6f810000 - 0x6f835000 	C:\Program Files\Java\jre7\bin\jpeg.dll
0x711f0000 - 0x712db000 	C:\Windows\system32\dbghelp.dll

VM Arguments:
jvm_args: -Djava.library.path=C:\Users\Bastien\Desktop\libs\java3d\all-platform\lib;C:\Users\Bastien\Desktop\libs\jdom-2.0.3\all-platform\lib;C:\Users\Bastien\Desktop\libs\jogl-2.0\all-platform\lib\windows-i586;C:\Users\Bastien\Desktop\libs\jogl-2.0\all-platform\lib -Dfile.encoding=Cp1252 
java_command: plants.app.Launcher
Launcher Type: SUN_STANDARD

Environment Variables:
CLASSPATH=.;C:\Program Files\Java\jre7\lib\ext\QTJava.zip
PATH=C:/Program Files/Java/jre7/bin/client;C:/Program Files/Java/jre7/bin;C:/Program Files/Java/jre7/lib/i386;C:\Program Files\NVIDIA Corporation\PhysX\Common;C:\Windows\system32;C:\Windows;C:\Windows\System32\Wbem;C:\Windows\System32\WindowsPowerShell\v1.0\;C:\Program Files\Common Files\Autodesk Shared\;C:\Program Files\QuickTime\QTSystem\;C:\Program Files\Autodesk\Backburner\;C:\Users\Bastien\Desktop\PROG\eclipse;
USERNAME=Bastien
OS=Windows_NT
PROCESSOR_IDENTIFIER=x86 Family 6 Model 23 Stepping 6, GenuineIntel



---------------  S Y S T E M  ---------------

OS: Windows 7 Build 7601 Service Pack 1

CPU:total 2 (2 cores per cpu, 1 threads per core) family 6 model 23 stepping 6, cmov, cx8, fxsr, mmx, sse, sse2, sse3, ssse3, sse4.1, tsc

Memory: 4k page, physical 3143976k(1912072k free), swap 6286200k(4636600k free)

vm_info: Java HotSpot(TM) Client VM (23.7-b01) for windows-x86 JRE (1.7.0_17-b02), built on Mar  1 2013 05:04:36 by "java_re" with unknown MS VC++:1600

time: Mon May 13 15:25:35 2013
elapsed time: 3 seconds

