#
# A fatal error has been detected by the Java Runtime Environment:
#
#  EXCEPTION_ACCESS_VIOLATION (0xc0000005) at pc=0x527dacf4, pid=6104, tid=5948
#
# JRE version: 7.0_17-b02
# Java VM: Java HotSpot(TM) Client VM (23.7-b01 mixed mode, sharing windows-x86 )
# Problematic frame:
# C  [nvoglv32.DLL+0x93acf4]  DrvPresentBuffers+0xab4f4
#
# Failed to write core dump. Minidumps are not enabled by default on client versions of Windows
#
# If you would like to submit a bug report, please visit:
#   http://bugreport.sun.com/bugreport/crash.jsp
# The crash happened outside the Java Virtual Machine in native code.
# See problematic frame for where to report the bug.
#

---------------  T H R E A D  ---------------

Current thread (0x03ec3400):  JavaThread "AWT-EventQueue-0" [_thread_in_native, id=5948, stack(0x061b0000,0x06200000)]

siginfo: ExceptionCode=0xc0000005, reading address 0x23e30000

Registers:
EAX=0x23e2ffd4, EBX=0x070549f8, ECX=0x00002003, EDX=0x23ce9d14
ESP=0x061fe9d8, EBP=0x061fe9e4, ESI=0x095462c0, EDI=0x000800c0
EIP=0x527dacf4, EFLAGS=0x00010206

Top of Stack: (sp=0x061fe9d8)
0x061fe9d8:   087e0020 070549f8 001c6380 061fea30
0x061fe9e8:   5274eb28 09400000 23ce9d14 001c6380
0x061fe9f8:   0003f81b 526bd440 08760000 070549f8
0x061fea08:   00000000 00000000 06891900 00000001
0x061fea18:   00000000 00000000 08760000 061fea50
0x061fea28:   5274e894 00000020 061fea50 51f69182
0x061fea38:   08760000 00000000 001c6380 23ce9d14
0x061fea48:   070549f8 07054a98 061fea80 51eba91c 

Instructions: (pc=0x527dacf4)
0x527dacd4:   2b f9 8b d0 eb 03 8b 7d 10 f6 c2 0f 74 56 83 ff
0x527dace4:   40 72 33 8b cf c1 e9 06 8d 64 24 00 0f 10 40 10
0x527dacf4:   0f 10 48 20 0f 10 50 30 0f 10 18 0f 2b 1e 0f 2b
0x527dad04:   46 10 0f 2b 4e 20 0f 2b 56 30 83 c0 40 83 c6 40 


Register to memory mapping:

EAX=0x23e2ffd4 is an unallocated location in the heap
EBX=0x070549f8 is an unknown value
ECX=0x00002003 is an unknown value
EDX=
[error occurred during error reporting (printing register info), id 0xc0000005]

Stack: [0x061b0000,0x06200000],  sp=0x061fe9d8,  free space=314k
Native frames: (J=compiled Java code, j=interpreted, Vv=VM code, C=native code)
C  [nvoglv32.DLL+0x93acf4]  DrvPresentBuffers+0xab4f4
C  [nvoglv32.DLL+0x8aeb28]  DrvPresentBuffers+0x1f328
C  [nvoglv32.DLL+0xc9182]
C  [nvoglv32.DLL+0x1a91c]
C  [nvoglv32.DLL+0x71f38a]
C  [nvoglv32.DLL+0x168e79]
C  [jogl_desktop.dll+0x3efa]  Java_jogamp_opengl_gl4_GL4bcImpl_dispatch_1glBufferData1__IJLjava_lang_Object_2IZIJ+0x62
j  jogamp.opengl.gl4.GL4bcImpl.dispatch_glBufferData1(IJLjava/lang/Object;IZIJ)V+0
j  jogamp.opengl.gl4.GL4bcImpl.glBufferData(IJLjava/nio/Buffer;I)V+81
j  plants.rendering.drawable.Cylinder.createGLRessources(Ljavax/media/opengl/GL3;)V+71
j  plants.rendering.drawable.Cylinder.<init>(Ljavax/media/opengl/GL3;FIILjavax/vecmath/Matrix4f;Ljavax/vecmath/Matrix4f;Z)V+30
j  plants.dataTree.TrunckTreeNode.<init>(Ljavax/media/opengl/GL3;FLjavax/vecmath/Vector3f;FFFLjavax/vecmath/Matrix4f;Ljavax/vecmath/Matrix4f;Z)V+248
j  plants.xml.JDOMHierarchy.fillTree(Ljavax/media/opengl/GL3;Lorg/jdom2/Element;Ljavax/swing/tree/DefaultMutableTreeNode;)V+1058
j  plants.xml.JDOMHierarchy.fillTree(Ljavax/media/opengl/GL3;Lorg/jdom2/Element;Ljavax/swing/tree/DefaultMutableTreeNode;)V+1215
j  plants.rendering.JOGLRenderer.createTree()V+45
j  plants.rendering.JOGLRenderer.init(Ljavax/media/opengl/GLAutoDrawable;)V+582
j  jogamp.opengl.GLDrawableHelper.init(Ljavax/media/opengl/GLEventListener;Ljavax/media/opengl/GLAutoDrawable;Z)V+2
j  jogamp.opengl.GLDrawableHelper.init(Ljavax/media/opengl/GLAutoDrawable;Z)V+53
j  javax.media.opengl.awt.GLCanvas$6.run()V+26
j  jogamp.opengl.GLDrawableHelper.invokeGLImpl(Ljavax/media/opengl/GLDrawable;Ljavax/media/opengl/GLContext;Ljava/lang/Runnable;Ljava/lang/Runnable;Ljavax/media/opengl/GLAutoDrawable;)V+131
j  jogamp.opengl.GLDrawableHelper.invokeGL(Ljavax/media/opengl/GLDrawable;Ljavax/media/opengl/GLContext;Ljava/lang/Runnable;Ljava/lang/Runnable;)V+85
j  javax.media.opengl.awt.GLCanvas$8.run()V+49
j  java.awt.event.InvocationEvent.dispatch()V+11
j  java.awt.EventQueue.dispatchEventImpl(Ljava/awt/AWTEvent;Ljava/lang/Object;)V+21
j  java.awt.EventQueue.access$200(Ljava/awt/EventQueue;Ljava/awt/AWTEvent;Ljava/lang/Object;)V+3
j  java.awt.EventQueue$3.run()Ljava/lang/Void;+12
j  java.awt.EventQueue$3.run()Ljava/lang/Object;+1
v  ~StubRoutines::call_stub
V  [jvm.dll+0x12a34a]
V  [jvm.dll+0x1d968e]
V  [jvm.dll+0x12a3cd]
V  [jvm.dll+0xd9d0a]
C  [java.dll+0x102f]  Java_java_security_AccessController_doPrivileged__Ljava_security_PrivilegedAction_2Ljava_security_AccessControlContext_2+0x17
j  java.security.ProtectionDomain$1.doIntersectionPrivilege(Ljava/security/PrivilegedAction;Ljava/security/AccessControlContext;Ljava/security/AccessControlContext;)Ljava/lang/Object;+28
j  java.awt.EventQueue.dispatchEvent(Ljava/awt/AWTEvent;)V+46
j  java.awt.EventDispatchThread.pumpOneEventForFilters(I)V+245
j  java.awt.EventDispatchThread.pumpEventsForFilter(ILjava/awt/Conditional;Ljava/awt/EventFilter;)V+35
j  java.awt.EventDispatchThread.pumpEventsForHierarchy(ILjava/awt/Conditional;Ljava/awt/Component;)V+11
j  java.awt.EventDispatchThread.pumpEvents(ILjava/awt/Conditional;)V+4
j  java.awt.EventDispatchThread.pumpEvents(Ljava/awt/Conditional;)V+3
j  java.awt.EventDispatchThread.run()V+9
v  ~StubRoutines::call_stub
V  [jvm.dll+0x12a34a]
V  [jvm.dll+0x1d968e]
V  [jvm.dll+0x12a533]
V  [jvm.dll+0x12a597]
V  [jvm.dll+0xd306f]
V  [jvm.dll+0x14a647]
V  [jvm.dll+0x14a7b0]
V  [jvm.dll+0x17ee89]
C  [msvcr100.dll+0x5c6de]  endthreadex+0x3a
C  [msvcr100.dll+0x5c788]  endthreadex+0xe4
C  [kernel32.dll+0x4ed6c]  BaseThreadInitThunk+0x12
C  [ntdll.dll+0x6377b]  RtlInitializeExceptionChain+0xef
C  [ntdll.dll+0x6374e]  RtlInitializeExceptionChain+0xc2

Java frames: (J=compiled Java code, j=interpreted, Vv=VM code)
j  jogamp.opengl.gl4.GL4bcImpl.dispatch_glBufferData1(IJLjava/lang/Object;IZIJ)V+0
j  jogamp.opengl.gl4.GL4bcImpl.glBufferData(IJLjava/nio/Buffer;I)V+81
j  plants.rendering.drawable.Cylinder.createGLRessources(Ljavax/media/opengl/GL3;)V+71
j  plants.rendering.drawable.Cylinder.<init>(Ljavax/media/opengl/GL3;FIILjavax/vecmath/Matrix4f;Ljavax/vecmath/Matrix4f;Z)V+30
j  plants.dataTree.TrunckTreeNode.<init>(Ljavax/media/opengl/GL3;FLjavax/vecmath/Vector3f;FFFLjavax/vecmath/Matrix4f;Ljavax/vecmath/Matrix4f;Z)V+248
j  plants.xml.JDOMHierarchy.fillTree(Ljavax/media/opengl/GL3;Lorg/jdom2/Element;Ljavax/swing/tree/DefaultMutableTreeNode;)V+1058
j  plants.xml.JDOMHierarchy.fillTree(Ljavax/media/opengl/GL3;Lorg/jdom2/Element;Ljavax/swing/tree/DefaultMutableTreeNode;)V+1215
j  plants.rendering.JOGLRenderer.createTree()V+45
j  plants.rendering.JOGLRenderer.init(Ljavax/media/opengl/GLAutoDrawable;)V+582
j  jogamp.opengl.GLDrawableHelper.init(Ljavax/media/opengl/GLEventListener;Ljavax/media/opengl/GLAutoDrawable;Z)V+2
j  jogamp.opengl.GLDrawableHelper.init(Ljavax/media/opengl/GLAutoDrawable;Z)V+53
j  javax.media.opengl.awt.GLCanvas$6.run()V+26
j  jogamp.opengl.GLDrawableHelper.invokeGLImpl(Ljavax/media/opengl/GLDrawable;Ljavax/media/opengl/GLContext;Ljava/lang/Runnable;Ljava/lang/Runnable;Ljavax/media/opengl/GLAutoDrawable;)V+131
j  jogamp.opengl.GLDrawableHelper.invokeGL(Ljavax/media/opengl/GLDrawable;Ljavax/media/opengl/GLContext;Ljava/lang/Runnable;Ljava/lang/Runnable;)V+85
j  javax.media.opengl.awt.GLCanvas$8.run()V+49
j  java.awt.event.InvocationEvent.dispatch()V+11
j  java.awt.EventQueue.dispatchEventImpl(Ljava/awt/AWTEvent;Ljava/lang/Object;)V+21
j  java.awt.EventQueue.access$200(Ljava/awt/EventQueue;Ljava/awt/AWTEvent;Ljava/lang/Object;)V+3
j  java.awt.EventQueue$3.run()Ljava/lang/Void;+12
j  java.awt.EventQueue$3.run()Ljava/lang/Object;+1
v  ~StubRoutines::call_stub
j  java.security.AccessController.doPrivileged(Ljava/security/PrivilegedAction;Ljava/security/AccessControlContext;)Ljava/lang/Object;+0
j  java.security.ProtectionDomain$1.doIntersectionPrivilege(Ljava/security/PrivilegedAction;Ljava/security/AccessControlContext;Ljava/security/AccessControlContext;)Ljava/lang/Object;+28
j  java.awt.EventQueue.dispatchEvent(Ljava/awt/AWTEvent;)V+46
j  java.awt.EventDispatchThread.pumpOneEventForFilters(I)V+245
j  java.awt.EventDispatchThread.pumpEventsForFilter(ILjava/awt/Conditional;Ljava/awt/EventFilter;)V+35
j  java.awt.EventDispatchThread.pumpEventsForHierarchy(ILjava/awt/Conditional;Ljava/awt/Component;)V+11
j  java.awt.EventDispatchThread.pumpEvents(ILjava/awt/Conditional;)V+4
j  java.awt.EventDispatchThread.pumpEvents(Ljava/awt/Conditional;)V+3
j  java.awt.EventDispatchThread.run()V+9
v  ~StubRoutines::call_stub

---------------  P R O C E S S  ---------------

Java Threads: ( => current thread )
  0x065c6400 JavaThread "D3D Screen Updater" daemon [_thread_blocked, id=4152, stack(0x079e0000,0x07a30000)]
  0x0118b400 JavaThread "DestroyJavaVM" [_thread_blocked, id=5188, stack(0x011e0000,0x01230000)]
  0x065b0000 JavaThread "Timer-0" [_thread_blocked, id=4988, stack(0x06970000,0x069c0000)]
  0x0647c000 JavaThread "main-SharedResourceRunner" daemon [_thread_blocked, id=4504, stack(0x063a0000,0x063f0000)]
=>0x03ec3400 JavaThread "AWT-EventQueue-0" [_thread_in_native, id=5948, stack(0x061b0000,0x06200000)]
  0x03da1800 JavaThread "AWT-Windows" daemon [_thread_in_native, id=5516, stack(0x04190000,0x041e0000)]
  0x03da0c00 JavaThread "AWT-Shutdown" [_thread_blocked, id=2992, stack(0x03af0000,0x03b40000)]
  0x03d9e400 JavaThread "Java2D Disposer" daemon [_thread_blocked, id=2208, stack(0x04080000,0x040d0000)]
  0x012fa400 JavaThread "Service Thread" daemon [_thread_blocked, id=4552, stack(0x03c00000,0x03c50000)]
  0x012efc00 JavaThread "C1 CompilerThread0" daemon [_thread_blocked, id=4024, stack(0x03b70000,0x03bc0000)]
  0x012ee800 JavaThread "Attach Listener" daemon [_thread_blocked, id=4340, stack(0x03930000,0x03980000)]
  0x012eb800 JavaThread "Signal Dispatcher" daemon [_thread_blocked, id=4408, stack(0x01880000,0x018d0000)]
  0x012d9c00 JavaThread "Finalizer" daemon [_thread_blocked, id=5300, stack(0x03980000,0x039d0000)]
  0x012d5000 JavaThread "Reference Handler" daemon [_thread_blocked, id=4248, stack(0x03a70000,0x03ac0000)]

Other Threads:
  0x012d3400 VMThread [stack: 0x01830000,0x01880000] [id=4732]
  0x01316400 WatcherThread [stack: 0x03cc0000,0x03d10000] [id=4852]

VM state:not at safepoint (normal execution)

VM Mutex/Monitor currently owned by a thread: None

Heap
 def new generation   total 4992K, used 4451K [0x238d0000, 0x23e30000, 0x28e20000)
  eden space 4480K,  98% used [0x238d0000, 0x23d22988, 0x23d30000)
  from space 512K,   4% used [0x23db0000, 0x23db64a8, 0x23e30000)
  to   space 512K,   0% used [0x23d30000, 0x23d30000, 0x23db0000)
 tenured generation   total 20164K, used 16150K [0x28e20000, 0x2a1d1000, 0x338d0000)
   the space 20164K,  80% used [0x28e20000, 0x29de5b98, 0x29de5c00, 0x2a1d1000)
 compacting perm gen  total 12288K, used 6455K [0x338d0000, 0x344d0000, 0x378d0000)
   the space 12288K,  52% used [0x338d0000, 0x33f1def0, 0x33f1e000, 0x344d0000)
    ro space 10240K,  42% used [0x378d0000, 0x37d11d60, 0x37d11e00, 0x382d0000)
    rw space 12288K,  54% used [0x382d0000, 0x38952928, 0x38952a00, 0x38ed0000)

Card table byte_map: [0x01700000,0x017b0000] byte_map_base: 0x015e3980

Polling page: 0x01060000

Code Cache  [0x01920000, 0x01a30000, 0x03920000)
 total_blobs=695 nmethods=307 adapters=323 free_code_cache=31690Kb largest_free_block=32451392

Compilation events (10 events):
Event: 2.953 Thread 0x012efc00  302             javax.vecmath.Tuple2f::<init> (15 bytes)
Event: 2.953 Thread 0x012efc00 nmethod 302 0x01a2c088 code [0x01a2c180, 0x01a2c200]
Event: 2.954 Thread 0x012efc00  303             plants.matrix.Transform::multMat4Vec4 (166 bytes)
Event: 2.954 Thread 0x012efc00 nmethod 303 0x01a2c248 code [0x01a2c340, 0x01a2c580]
Event: 2.954 Thread 0x012efc00  304             javax.vecmath.Vector4f::<init> (6 bytes)
Event: 2.954 Thread 0x012efc00 nmethod 304 0x01a2c648 code [0x01a2c740, 0x01a2c7cc]
Event: 2.954 Thread 0x012efc00  305             javax.vecmath.Tuple4f::<init> (37 bytes)
Event: 2.954 Thread 0x012efc00 nmethod 305 0x01a2c848 code [0x01a2c940, 0x01a2c9f0]
Event: 2.955 Thread 0x012efc00  306             plants.rendering.drawable.Cylinder::getData (268 bytes)
Event: 2.956 Thread 0x012efc00 nmethod 306 0x01a2ca88 code [0x01a2cbd0, 0x01a2cfec]

GC Heap History (10 events):
Event: 2.147 GC heap before
{Heap before GC invocations=7 (full 1):
 def new generation   total 4992K, used 4479K [0x238d0000, 0x23e30000, 0x28e20000)
  eden space 4480K,  99% used [0x238d0000, 0x23d2fdd8, 0x23d30000)
  from space 512K,   0% used [0x23d30000, 0x23d30000, 0x23db0000)
  to   space 512K,   0% used [0x23db0000, 0x23db0000, 0x23e30000)
 tenured generation   total 20164K, used 11932K [0x28e20000, 0x2a1d1000, 0x338d0000)
   the space 20164K,  59% used [0x28e20000, 0x299c7088, 0x299c7200, 0x2a1d1000)
 compacting perm gen  total 12288K, used 5321K [0x338d0000, 0x344d0000, 0x378d0000)
   the space 12288K,  43% used [0x338d0000, 0x33e02568, 0x33e02600, 0x344d0000)
    ro space 10240K,  42% used [0x378d0000, 0x37d11d60, 0x37d11e00, 0x382d0000)
    rw space 12288K,  54% used [0x382d0000, 0x38952928, 0x38952a00, 0x38ed0000)
Event: 2.148 GC heap after
Heap after GC invocations=8 (full 1):
 def new generation   total 4992K, used 6K [0x238d0000, 0x23e30000, 0x28e20000)
  eden space 4480K,   0% used [0x238d0000, 0x238d0000, 0x23d30000)
  from space 512K,   1% used [0x23db0000, 0x23db1b38, 0x23e30000)
  to   space 512K,   0% used [0x23d30000, 0x23d30000, 0x23db0000)
 tenured generation   total 20164K, used 11932K [0x28e20000, 0x2a1d1000, 0x338d0000)
   the space 20164K,  59% used [0x28e20000, 0x299c7088, 0x299c7200, 0x2a1d1000)
 compacting perm gen  total 12288K, used 5321K [0x338d0000, 0x344d0000, 0x378d0000)
   the space 12288K,  43% used [0x338d0000, 0x33e02568, 0x33e02600, 0x344d0000)
    ro space 10240K,  42% used [0x378d0000, 0x37d11d60, 0x37d11e00, 0x382d0000)
    rw space 12288K,  54% used [0x382d0000, 0x38952928, 0x38952a00, 0x38ed0000)
}
Event: 2.206 GC heap before
{Heap before GC invocations=8 (full 1):
 def new generation   total 4992K, used 4484K [0x238d0000, 0x23e30000, 0x28e20000)
  eden space 4480K,  99% used [0x238d0000, 0x23d2f7d0, 0x23d30000)
  from space 512K,   1% used [0x23db0000, 0x23db1b38, 0x23e30000)
  to   space 512K,   0% used [0x23d30000, 0x23d30000, 0x23db0000)
 tenured generation   total 20164K, used 11932K [0x28e20000, 0x2a1d1000, 0x338d0000)
   the space 20164K,  59% used [0x28e20000, 0x299c7088, 0x299c7200, 0x2a1d1000)
 compacting perm gen  total 12288K, used 5321K [0x338d0000, 0x344d0000, 0x378d0000)
   the space 12288K,  43% used [0x338d0000, 0x33e02578, 0x33e02600, 0x344d0000)
    ro space 10240K,  42% used [0x378d0000, 0x37d11d60, 0x37d11e00, 0x382d0000)
    rw space 12288K,  54% used [0x382d0000, 0x38952928, 0x38952a00, 0x38ed0000)
Event: 2.207 GC heap after
Heap after GC invocations=9 (full 1):
 def new generation   total 4992K, used 6K [0x238d0000, 0x23e30000, 0x28e20000)
  eden space 4480K,   0% used [0x238d0000, 0x238d0000, 0x23d30000)
  from space 512K,   1% used [0x23d30000, 0x23d31b38, 0x23db0000)
  to   space 512K,   0% used [0x23db0000, 0x23db0000, 0x23e30000)
 tenured generation   total 20164K, used 11932K [0x28e20000, 0x2a1d1000, 0x338d0000)
   the space 20164K,  59% used [0x28e20000, 0x299c7088, 0x299c7200, 0x2a1d1000)
 compacting perm gen  total 12288K, used 5321K [0x338d0000, 0x344d0000, 0x378d0000)
   the space 12288K,  43% used [0x338d0000, 0x33e02578, 0x33e02600, 0x344d0000)
    ro space 10240K,  42% used [0x378d0000, 0x37d11d60, 0x37d11e00, 0x382d0000)
    rw space 12288K,  54% used [0x382d0000, 0x38952928, 0x38952a00, 0x38ed0000)
}
Event: 2.699 GC heap before
{Heap before GC invocations=9 (full 1):
 def new generation   total 4992K, used 569K [0x238d0000, 0x23e30000, 0x28e20000)
  eden space 4480K,  12% used [0x238d0000, 0x2395cbc0, 0x23d30000)
  from space 512K,   1% used [0x23d30000, 0x23d31b38, 0x23db0000)
  to   space 512K,   0% used [0x23db0000, 0x23db0000, 0x23e30000)
 tenured generation   total 20164K, used 11932K [0x28e20000, 0x2a1d1000, 0x338d0000)
   the space 20164K,  59% used [0x28e20000, 0x299c7088, 0x299c7200, 0x2a1d1000)
 compacting perm gen  total 12288K, used 5351K [0x338d0000, 0x344d0000, 0x378d0000)
   the space 12288K,  43% used [0x338d0000, 0x33e09c58, 0x33e09e00, 0x344d0000)
    ro space 10240K,  42% used [0x378d0000, 0x37d11d60, 0x37d11e00, 0x382d0000)
    rw space 12288K,  54% used [0x382d0000, 0x38952928, 0x38952a00, 0x38ed0000)
Event: 2.701 GC heap after
Heap after GC invocations=10 (full 1):
 def new generation   total 4992K, used 46K [0x238d0000, 0x23e30000, 0x28e20000)
  eden space 4480K,   0% used [0x238d0000, 0x238d0000, 0x23d30000)
  from space 512K,   8% used [0x23db0000, 0x23dbb800, 0x23e30000)
  to   space 512K,   0% used [0x23d30000, 0x23d30000, 0x23db0000)
 tenured generation   total 20164K, used 11932K [0x28e20000, 0x2a1d1000, 0x338d0000)
   the space 20164K,  59% used [0x28e20000, 0x299c7088, 0x299c7200, 0x2a1d1000)
 compacting perm gen  total 12288K, used 5351K [0x338d0000, 0x344d0000, 0x378d0000)
   the space 12288K,  43% used [0x338d0000, 0x33e09c58, 0x33e09e00, 0x344d0000)
    ro space 10240K,  42% used [0x378d0000, 0x37d11d60, 0x37d11e00, 0x382d0000)
    rw space 12288K,  54% used [0x382d0000, 0x38952928, 0x38952a00, 0x38ed0000)
}
Event: 2.705 GC heap before
{Heap before GC invocations=10 (full 1):
 def new generation   total 4992K, used 4522K [0x238d0000, 0x23e30000, 0x28e20000)
  eden space 4480K,  99% used [0x238d0000, 0x23d2f218, 0x23d30000)
  from space 512K,   8% used [0x23db0000, 0x23dbb800, 0x23e30000)
  to   space 512K,   0% used [0x23d30000, 0x23d30000, 0x23db0000)
 tenured generation   total 20164K, used 11932K [0x28e20000, 0x2a1d1000, 0x338d0000)
   the space 20164K,  59% used [0x28e20000, 0x299c7088, 0x299c7200, 0x2a1d1000)
 compacting perm gen  total 12288K, used 5351K [0x338d0000, 0x344d0000, 0x378d0000)
   the space 12288K,  43% used [0x338d0000, 0x33e09c58, 0x33e09e00, 0x344d0000)
    ro space 10240K,  42% used [0x378d0000, 0x37d11d60, 0x37d11e00, 0x382d0000)
    rw space 12288K,  54% used [0x382d0000, 0x38952928, 0x38952a00, 0x38ed0000)
Event: 2.712 GC heap after
Heap after GC invocations=11 (full 1):
 def new generation   total 4992K, used 28K [0x238d0000, 0x23e30000, 0x28e20000)
  eden space 4480K,   0% used [0x238d0000, 0x238d0000, 0x23d30000)
  from space 512K,   5% used [0x23d30000, 0x23d37270, 0x23db0000)
  to   space 512K,   0% used [0x23db0000, 0x23db0000, 0x23e30000)
 tenured generation   total 20164K, used 16150K [0x28e20000, 0x2a1d1000, 0x338d0000)
   the space 20164K,  80% used [0x28e20000, 0x29de5b98, 0x29de5c00, 0x2a1d1000)
 compacting perm gen  total 12288K, used 5351K [0x338d0000, 0x344d0000, 0x378d0000)
   the space 12288K,  43% used [0x338d0000, 0x33e09c58, 0x33e09e00, 0x344d0000)
    ro space 10240K,  42% used [0x378d0000, 0x37d11d60, 0x37d11e00, 0x382d0000)
    rw space 12288K,  54% used [0x382d0000, 0x38952928, 0x38952a00, 0x38ed0000)
}
Event: 2.813 GC heap before
{Heap before GC invocations=11 (full 1):
 def new generation   total 4992K, used 4098K [0x238d0000, 0x23e30000, 0x28e20000)
  eden space 4480K,  90% used [0x238d0000, 0x23cc97d0, 0x23d30000)
  from space 512K,   5% used [0x23d30000, 0x23d37270, 0x23db0000)
  to   space 512K,   0% used [0x23db0000, 0x23db0000, 0x23e30000)
 tenured generation   total 20164K, used 16150K [0x28e20000, 0x2a1d1000, 0x338d0000)
   the space 20164K,  80% used [0x28e20000, 0x29de5b98, 0x29de5c00, 0x2a1d1000)
 compacting perm gen  total 12288K, used 5351K [0x338d0000, 0x344d0000, 0x378d0000)
   the space 12288K,  43% used [0x338d0000, 0x33e09c58, 0x33e09e00, 0x344d0000)
    ro space 10240K,  42% used [0x378d0000, 0x37d11d60, 0x37d11e00, 0x382d0000)
    rw space 12288K,  54% used [0x382d0000, 0x38952928, 0x38952a00, 0x38ed0000)
Event: 2.814 GC heap after
Heap after GC invocations=12 (full 1):
 def new generation   total 4992K, used 25K [0x238d0000, 0x23e30000, 0x28e20000)
  eden space 4480K,   0% used [0x238d0000, 0x238d0000, 0x23d30000)
  from space 512K,   4% used [0x23db0000, 0x23db64a8, 0x23e30000)
  to   space 512K,   0% used [0x23d30000, 0x23d30000, 0x23db0000)
 tenured generation   total 20164K, used 16150K [0x28e20000, 0x2a1d1000, 0x338d0000)
   the space 20164K,  80% used [0x28e20000, 0x29de5b98, 0x29de5c00, 0x2a1d1000)
 compacting perm gen  total 12288K, used 5351K [0x338d0000, 0x344d0000, 0x378d0000)
   the space 12288K,  43% used [0x338d0000, 0x33e09c58, 0x33e09e00, 0x344d0000)
    ro space 10240K,  42% used [0x378d0000, 0x37d11d60, 0x37d11e00, 0x382d0000)
    rw space 12288K,  54% used [0x382d0000, 0x38952928, 0x38952a00, 0x38ed0000)
}

Deoptimization events (0 events):
No events

Internal exceptions (10 events):
Event: 2.922 Thread 0x03ec3400 Threw 0x23b65898 at C:\jdk7u2_32P\jdk7u17\hotspot\src\share\vm\prims\jvm.cpp:1166
Event: 2.923 Thread 0x03ec3400 Threw 0x23b685a8 at C:\jdk7u2_32P\jdk7u17\hotspot\src\share\vm\prims\jvm.cpp:1166
Event: 2.926 Thread 0x03ec3400 Threw 0x23b72d38 at C:\jdk7u2_32P\jdk7u17\hotspot\src\share\vm\prims\jvm.cpp:1166
Event: 2.927 Thread 0x03ec3400 Threw 0x23b769b0 at C:\jdk7u2_32P\jdk7u17\hotspot\src\share\vm\prims\jvm.cpp:1166
Event: 2.927 Thread 0x03ec3400 Threw 0x23b79fc0 at C:\jdk7u2_32P\jdk7u17\hotspot\src\share\vm\prims\jvm.cpp:1166
Event: 2.928 Thread 0x03ec3400 Threw 0x23b7bb38 at C:\jdk7u2_32P\jdk7u17\hotspot\src\share\vm\prims\jvm.cpp:1166
Event: 2.929 Thread 0x03ec3400 Threw 0x23b7f648 at C:\jdk7u2_32P\jdk7u17\hotspot\src\share\vm\prims\jvm.cpp:1166
Event: 2.930 Thread 0x03ec3400 Threw 0x23b84610 at C:\jdk7u2_32P\jdk7u17\hotspot\src\share\vm\prims\jvm.cpp:1166
Event: 2.931 Thread 0x03ec3400 Threw 0x23b8d680 at C:\jdk7u2_32P\jdk7u17\hotspot\src\share\vm\prims\jvm.cpp:1166
Event: 2.933 Thread 0x03ec3400 Threw 0x23b94238 at C:\jdk7u2_32P\jdk7u17\hotspot\src\share\vm\prims\jvm.cpp:1166

Events (10 events):
Event: 2.930 loading class 0x0675faa0
Event: 2.930 loading class 0x0675faa0 done
Event: 2.931 loading class 0x067ad228
Event: 2.931 loading class 0x067ad228 done
Event: 2.932 loading class 0x38ef19b8
Event: 2.932 loading class 0x38ef19b8 done
Event: 2.932 loading class 0x38f09060
Event: 2.933 loading class 0x38f09060 done
Event: 2.933 loading class 0x06798910
Event: 2.933 loading class 0x06798910 done


Dynamic libraries:
0x01390000 - 0x013bf000 	C:\Program Files\Java\jre7\bin\javaw.exe
0x77690000 - 0x777cc000 	C:\Windows\SYSTEM32\ntdll.dll
0x75b70000 - 0x75c44000 	C:\Windows\system32\kernel32.dll
0x75760000 - 0x757ab000 	C:\Windows\system32\KERNELBASE.dll
0x75ad0000 - 0x75b70000 	C:\Windows\system32\ADVAPI32.dll
0x75df0000 - 0x75e9c000 	C:\Windows\system32\msvcrt.dll
0x75c70000 - 0x75c89000 	C:\Windows\SYSTEM32\sechost.dll
0x76560000 - 0x76601000 	C:\Windows\system32\RPCRT4.dll
0x775c0000 - 0x77689000 	C:\Windows\system32\USER32.dll
0x75da0000 - 0x75dee000 	C:\Windows\system32\GDI32.dll
0x75c90000 - 0x75c9a000 	C:\Windows\system32\LPK.dll
0x75ca0000 - 0x75d3d000 	C:\Windows\system32\USP10.dll
0x741b0000 - 0x7434e000 	C:\Windows\WinSxS\x86_microsoft.windows.common-controls_6595b64144ccf1df_6.0.7601.17514_none_41e6975e2bd6f2b2\COMCTL32.dll
0x75d40000 - 0x75d97000 	C:\Windows\system32\SHLWAPI.dll
0x75c50000 - 0x75c6f000 	C:\Windows\system32\IMM32.DLL
0x76170000 - 0x7623c000 	C:\Windows\system32\MSCTF.dll
0x5ec40000 - 0x5ecfe000 	C:\Program Files\Java\jre7\bin\msvcr100.dll
0x61f90000 - 0x622dc000 	C:\Program Files\Java\jre7\bin\client\jvm.dll
0x72c90000 - 0x72c97000 	C:\Windows\system32\WSOCK32.dll
0x774f0000 - 0x77525000 	C:\Windows\system32\WS2_32.dll
0x777d0000 - 0x777d6000 	C:\Windows\system32\NSI.dll
0x734c0000 - 0x734f2000 	C:\Windows\system32\WINMM.dll
0x77530000 - 0x77535000 	C:\Windows\system32\PSAPI.DLL
0x6a850000 - 0x6a85c000 	C:\Program Files\Java\jre7\bin\verify.dll
0x69e40000 - 0x69e60000 	C:\Program Files\Java\jre7\bin\java.dll
0x6a610000 - 0x6a623000 	C:\Program Files\Java\jre7\bin\zip.dll
0x58b70000 - 0x58cb2000 	C:\Program Files\Java\jre7\bin\awt.dll
0x75a40000 - 0x75acf000 	C:\Windows\system32\OLEAUT32.dll
0x76240000 - 0x7639c000 	C:\Windows\system32\ole32.dll
0x73e40000 - 0x73e53000 	C:\Windows\system32\DWMAPI.DLL
0x74130000 - 0x74170000 	C:\Windows\system32\uxtheme.dll
0x75660000 - 0x7566c000 	C:\Windows\system32\CRYPTBASE.dll
0x641b0000 - 0x64373000 	C:\Windows\system32\d3d9.dll
0x74bd0000 - 0x74bd9000 	C:\Windows\system32\VERSION.dll
0x6dba0000 - 0x6dba6000 	C:\Windows\system32\d3d8thk.dll
0x62630000 - 0x63489000 	C:\Windows\system32\nvd3dum.dll
0x74a10000 - 0x74a35000 	C:\Windows\system32\powrprof.dll
0x75eb0000 - 0x7604d000 	C:\Windows\system32\SETUPAPI.dll
0x75800000 - 0x75827000 	C:\Windows\system32\CFGMGR32.dll
0x75860000 - 0x75872000 	C:\Windows\system32\DEVOBJ.dll
0x76610000 - 0x7725a000 	C:\Windows\system32\SHELL32.dll
0x75190000 - 0x751a6000 	C:\Windows\system32\CRYPTSP.dll
0x74f30000 - 0x74f6b000 	C:\Windows\system32\rsaenh.dll
0x74d40000 - 0x74d57000 	C:\Windows\system32\USERENV.dll
0x756e0000 - 0x756eb000 	C:\Windows\system32\profapi.dll
0x69af0000 - 0x69b04000 	C:\Program Files\Java\jre7\bin\net.dll
0x75150000 - 0x7518c000 	C:\Windows\system32\mswsock.dll
0x75140000 - 0x75146000 	C:\Windows\System32\wship6.dll
0x74380000 - 0x74390000 	C:\Windows\system32\NLAapi.dll
0x6e550000 - 0x6e560000 	C:\Windows\system32\napinsp.dll
0x6e520000 - 0x6e532000 	C:\Windows\system32\pnrpnsp.dll
0x75010000 - 0x75054000 	C:\Windows\system32\DNSAPI.dll
0x6e510000 - 0x6e518000 	C:\Windows\System32\winrnr.dll
0x74c60000 - 0x74c65000 	C:\Windows\System32\wshtcpip.dll
0x73c30000 - 0x73c4c000 	C:\Windows\system32\IPHLPAPI.DLL
0x73c20000 - 0x73c27000 	C:\Windows\system32\WINNSI.DLL
0x6e380000 - 0x6e386000 	C:\Windows\system32\rasadhlp.dll
0x73ae0000 - 0x73b18000 	C:\Windows\System32\fwpuclnt.dll
0x6acc0000 - 0x6acce000 	C:\Program Files\Java\jre7\bin\nio.dll
0x637c0000 - 0x637ca000 	C:\Users\Bastien\AppData\Local\Temp\jogamp_0000\file_cache\jln6305635444409188703\jln5163219735347227643\gluegen-rt.dll
0x748b0000 - 0x748b6000 	C:\Program Files\Java\jre7\bin\jawt.dll
0x6a440000 - 0x6a44a000 	C:\Users\Bastien\AppData\Local\Temp\jogamp_0000\file_cache\jln6305635444409188703\jln5163219735347227643\nativewindow_awt.dll
0x6c100000 - 0x6c110000 	C:\Users\Bastien\AppData\Local\Temp\jogamp_0000\file_cache\jln6305635444409188703\jln5163219735347227643\nativewindow_win32.dll
0x68ca0000 - 0x68d68000 	C:\Windows\system32\OpenGL32.dll
0x6ca50000 - 0x6ca72000 	C:\Windows\system32\GLU32.dll
0x59420000 - 0x59507000 	C:\Windows\system32\DDRAW.dll
0x73330000 - 0x73336000 	C:\Windows\system32\DCIMAN32.dll
0x64500000 - 0x6456a000 	C:\Users\Bastien\AppData\Local\Temp\jogamp_0000\file_cache\jln6305635444409188703\jln5163219735347227643\jogl_desktop.dll
0x51ea0000 - 0x5325d000 	C:\Windows\system32\nvoglv32.DLL
0x757b0000 - 0x757dd000 	C:\Windows\system32\WINTRUST.dll
0x75880000 - 0x7599e000 	C:\Windows\system32\CRYPT32.dll
0x75750000 - 0x7575c000 	C:\Windows\system32\MSASN1.dll
0x74430000 - 0x74451000 	C:\Windows\system32\ntmarta.dll
0x77870000 - 0x778b5000 	C:\Windows\system32\WLDAP32.dll
0x6ca80000 - 0x6caaa000 	C:\Program Files\Java\jre7\bin\fontmanager.dll
0x634e0000 - 0x63505000 	C:\Program Files\Java\jre7\bin\jpeg.dll
0x71340000 - 0x7142b000 	C:\Windows\system32\dbghelp.dll

VM Arguments:
jvm_args: -Djava.library.path=C:\Users\Bastien\Desktop\libs\java3d\all-platform\lib;C:\Users\Bastien\Desktop\libs\jdom-2.0.3\all-platform\lib;C:\Users\Bastien\Desktop\libs\jogl-2.0\all-platform\lib\windows-i586;C:\Users\Bastien\Desktop\libs\jogl-2.0\all-platform\lib -Dfile.encoding=Cp1252 
java_command: plants.app.Launcher
Launcher Type: SUN_STANDARD

Environment Variables:
CLASSPATH=.;C:\Program Files\Java\jre7\lib\ext\QTJava.zip
PATH=C:/Program Files/Java/jre7/bin/client;C:/Program Files/Java/jre7/bin;C:/Program Files/Java/jre7/lib/i386;C:\Program Files\NVIDIA Corporation\PhysX\Common;C:\Windows\system32;C:\Windows;C:\Windows\System32\Wbem;C:\Windows\System32\WindowsPowerShell\v1.0\;C:\Program Files\Common Files\Autodesk Shared\;C:\Program Files\QuickTime\QTSystem\;C:\Program Files\Autodesk\Backburner\;C:\Users\Bastien\Desktop\PROG\eclipse;
USERNAME=Bastien
OS=Windows_NT
PROCESSOR_IDENTIFIER=x86 Family 6 Model 23 Stepping 6, GenuineIntel



---------------  S Y S T E M  ---------------

OS: Windows 7 Build 7601 Service Pack 1

CPU:total 2 (2 cores per cpu, 1 threads per core) family 6 model 23 stepping 6, cmov, cx8, fxsr, mmx, sse, sse2, sse3, ssse3, sse4.1, tsc

Memory: 4k page, physical 3143976k(1081508k free), swap 6286200k(3432908k free)

vm_info: Java HotSpot(TM) Client VM (23.7-b01) for windows-x86 JRE (1.7.0_17-b02), built on Mar  1 2013 05:04:36 by "java_re" with unknown MS VC++:1600

time: Tue May 14 12:01:34 2013
elapsed time: 3 seconds

