#
# A fatal error has been detected by the Java Runtime Environment:
#
#  EXCEPTION_ACCESS_VIOLATION (0xc0000005) at pc=0x527dacf0, pid=6140, tid=3188
#
# JRE version: 7.0_17-b02
# Java VM: Java HotSpot(TM) Client VM (23.7-b01 mixed mode, sharing windows-x86 )
# Problematic frame:
# C  [nvoglv32.DLL+0x93acf0]  DrvPresentBuffers+0xab4f0
#
# Failed to write core dump. Minidumps are not enabled by default on client versions of Windows
#
# If you would like to submit a bug report, please visit:
#   http://bugreport.sun.com/bugreport/crash.jsp
# The crash happened outside the Java Virtual Machine in native code.
# See problematic frame for where to report the bug.
#

---------------  T H R E A D  ---------------

Current thread (0x03e1d400):  JavaThread "AWT-EventQueue-0" [_thread_in_native, id=3188, stack(0x062e0000,0x06330000)]

siginfo: ExceptionCode=0xc0000005, reading address 0x23e30000

Registers:
EAX=0x23e2ffe4, EBX=0x07453d58, ECX=0x000041c7, EDX=0x23cd97a4
ESP=0x0632eda8, EBP=0x0632edb4, ESI=0x08fc6840, EDI=0x001071c0
EIP=0x527dacf0, EFLAGS=0x00010202

Top of Stack: (sp=0x0632eda8)
0x0632eda8:   07a30020 07453d58 0025da00 0632ee00
0x0632edb8:   5274eb28 08e70000 23cd97a4 0025da00
0x0632edc8:   0003f81b 526bd440 07960000 07453d58
0x0632edd8:   00000000 00000000 0028ded8 00000001
0x0632ede8:   00000000 00000000 07960000 0632ee20
0x0632edf8:   5274e894 00000020 0632ee20 51f69182
0x0632ee08:   07960000 00000000 0025da00 23cd97a4
0x0632ee18:   07453d58 07453df8 0632ee50 51eba91c 

Instructions: (pc=0x527dacf0)
0x527dacd0:   11 83 c4 0c 2b f9 8b d0 eb 03 8b 7d 10 f6 c2 0f
0x527dace0:   74 56 83 ff 40 72 33 8b cf c1 e9 06 8d 64 24 00
0x527dacf0:   0f 10 40 10 0f 10 48 20 0f 10 50 30 0f 10 18 0f
0x527dad00:   2b 1e 0f 2b 46 10 0f 2b 4e 20 0f 2b 56 30 83 c0 


Register to memory mapping:

EAX=0x23e2ffe4 is an oop
[B 
 - klass: {type array byte}
 - length: 1
EBX=0x07453d58 is an unknown value
ECX=0x000041c7 is an unknown value
EDX=
[error occurred during error reporting (printing register info), id 0xc0000005]

Stack: [0x062e0000,0x06330000],  sp=0x0632eda8,  free space=315k
Native frames: (J=compiled Java code, j=interpreted, Vv=VM code, C=native code)
C  [nvoglv32.DLL+0x93acf0]  DrvPresentBuffers+0xab4f0
C  [nvoglv32.DLL+0x8aeb28]  DrvPresentBuffers+0x1f328
C  [nvoglv32.DLL+0xc9182]
C  [nvoglv32.DLL+0x1a91c]
C  [nvoglv32.DLL+0x71f38a]
C  [nvoglv32.DLL+0x168e79]
C  [jogl_desktop.dll+0x3efa]  Java_jogamp_opengl_gl4_GL4bcImpl_dispatch_1glBufferData1__IJLjava_lang_Object_2IZIJ+0x62
j  jogamp.opengl.gl4.GL4bcImpl.dispatch_glBufferData1(IJLjava/lang/Object;IZIJ)V+0
j  jogamp.opengl.gl4.GL4bcImpl.glBufferData(IJLjava/nio/Buffer;I)V+81
j  plants.rendering.drawable.Cylinder.createGLRessources(Ljavax/media/opengl/GL3;)V+71
j  plants.rendering.drawable.Cylinder.<init>(Ljavax/media/opengl/GL3;FIILjavax/vecmath/Matrix4f;Ljavax/vecmath/Matrix4f;Z)V+30
j  plants.dataTree.TrunckTreeNode.<init>(Ljavax/media/opengl/GL3;FLjavax/vecmath/Vector3f;FFFLjavax/vecmath/Matrix4f;Ljavax/vecmath/Matrix4f;Z)V+248
j  plants.xml.JDOMHierarchy.fillTree(Ljavax/media/opengl/GL3;Lorg/jdom2/Element;Ljavax/swing/tree/DefaultMutableTreeNode;)V+1058
j  plants.xml.JDOMHierarchy.fillTree(Ljavax/media/opengl/GL3;Lorg/jdom2/Element;Ljavax/swing/tree/DefaultMutableTreeNode;)V+1215
j  plants.rendering.JOGLRenderer.createTree()V+45
j  plants.rendering.JOGLRenderer.init(Ljavax/media/opengl/GLAutoDrawable;)V+582
j  jogamp.opengl.GLDrawableHelper.init(Ljavax/media/opengl/GLEventListener;Ljavax/media/opengl/GLAutoDrawable;Z)V+2
j  jogamp.opengl.GLDrawableHelper.init(Ljavax/media/opengl/GLAutoDrawable;Z)V+53
j  javax.media.opengl.awt.GLCanvas$6.run()V+26
j  jogamp.opengl.GLDrawableHelper.invokeGLImpl(Ljavax/media/opengl/GLDrawable;Ljavax/media/opengl/GLContext;Ljava/lang/Runnable;Ljava/lang/Runnable;Ljavax/media/opengl/GLAutoDrawable;)V+131
j  jogamp.opengl.GLDrawableHelper.invokeGL(Ljavax/media/opengl/GLDrawable;Ljavax/media/opengl/GLContext;Ljava/lang/Runnable;Ljava/lang/Runnable;)V+85
j  javax.media.opengl.awt.GLCanvas$8.run()V+49
j  java.awt.event.InvocationEvent.dispatch()V+11
j  java.awt.EventQueue.dispatchEventImpl(Ljava/awt/AWTEvent;Ljava/lang/Object;)V+21
j  java.awt.EventQueue.access$200(Ljava/awt/EventQueue;Ljava/awt/AWTEvent;Ljava/lang/Object;)V+3
j  java.awt.EventQueue$3.run()Ljava/lang/Void;+12
j  java.awt.EventQueue$3.run()Ljava/lang/Object;+1
v  ~StubRoutines::call_stub
V  [jvm.dll+0x12a34a]
V  [jvm.dll+0x1d968e]
V  [jvm.dll+0x12a3cd]
V  [jvm.dll+0xd9d0a]
C  [java.dll+0x102f]  Java_java_security_AccessController_doPrivileged__Ljava_security_PrivilegedAction_2Ljava_security_AccessControlContext_2+0x17
j  java.security.ProtectionDomain$1.doIntersectionPrivilege(Ljava/security/PrivilegedAction;Ljava/security/AccessControlContext;Ljava/security/AccessControlContext;)Ljava/lang/Object;+28
j  java.awt.EventQueue.dispatchEvent(Ljava/awt/AWTEvent;)V+46
j  java.awt.EventDispatchThread.pumpOneEventForFilters(I)V+245
j  java.awt.EventDispatchThread.pumpEventsForFilter(ILjava/awt/Conditional;Ljava/awt/EventFilter;)V+35
j  java.awt.EventDispatchThread.pumpEventsForHierarchy(ILjava/awt/Conditional;Ljava/awt/Component;)V+11
j  java.awt.EventDispatchThread.pumpEvents(ILjava/awt/Conditional;)V+4
j  java.awt.EventDispatchThread.pumpEvents(Ljava/awt/Conditional;)V+3
j  java.awt.EventDispatchThread.run()V+9
v  ~StubRoutines::call_stub
V  [jvm.dll+0x12a34a]
V  [jvm.dll+0x1d968e]
V  [jvm.dll+0x12a533]
V  [jvm.dll+0x12a597]
V  [jvm.dll+0xd306f]
V  [jvm.dll+0x14a647]
V  [jvm.dll+0x14a7b0]
V  [jvm.dll+0x17ee89]
C  [msvcr100.dll+0x5c6de]  endthreadex+0x3a
C  [msvcr100.dll+0x5c788]  endthreadex+0xe4
C  [kernel32.dll+0x4ed6c]  BaseThreadInitThunk+0x12
C  [ntdll.dll+0x6377b]  RtlInitializeExceptionChain+0xef
C  [ntdll.dll+0x6374e]  RtlInitializeExceptionChain+0xc2

Java frames: (J=compiled Java code, j=interpreted, Vv=VM code)
j  jogamp.opengl.gl4.GL4bcImpl.dispatch_glBufferData1(IJLjava/lang/Object;IZIJ)V+0
j  jogamp.opengl.gl4.GL4bcImpl.glBufferData(IJLjava/nio/Buffer;I)V+81
j  plants.rendering.drawable.Cylinder.createGLRessources(Ljavax/media/opengl/GL3;)V+71
j  plants.rendering.drawable.Cylinder.<init>(Ljavax/media/opengl/GL3;FIILjavax/vecmath/Matrix4f;Ljavax/vecmath/Matrix4f;Z)V+30
j  plants.dataTree.TrunckTreeNode.<init>(Ljavax/media/opengl/GL3;FLjavax/vecmath/Vector3f;FFFLjavax/vecmath/Matrix4f;Ljavax/vecmath/Matrix4f;Z)V+248
j  plants.xml.JDOMHierarchy.fillTree(Ljavax/media/opengl/GL3;Lorg/jdom2/Element;Ljavax/swing/tree/DefaultMutableTreeNode;)V+1058
j  plants.xml.JDOMHierarchy.fillTree(Ljavax/media/opengl/GL3;Lorg/jdom2/Element;Ljavax/swing/tree/DefaultMutableTreeNode;)V+1215
j  plants.rendering.JOGLRenderer.createTree()V+45
j  plants.rendering.JOGLRenderer.init(Ljavax/media/opengl/GLAutoDrawable;)V+582
j  jogamp.opengl.GLDrawableHelper.init(Ljavax/media/opengl/GLEventListener;Ljavax/media/opengl/GLAutoDrawable;Z)V+2
j  jogamp.opengl.GLDrawableHelper.init(Ljavax/media/opengl/GLAutoDrawable;Z)V+53
j  javax.media.opengl.awt.GLCanvas$6.run()V+26
j  jogamp.opengl.GLDrawableHelper.invokeGLImpl(Ljavax/media/opengl/GLDrawable;Ljavax/media/opengl/GLContext;Ljava/lang/Runnable;Ljava/lang/Runnable;Ljavax/media/opengl/GLAutoDrawable;)V+131
j  jogamp.opengl.GLDrawableHelper.invokeGL(Ljavax/media/opengl/GLDrawable;Ljavax/media/opengl/GLContext;Ljava/lang/Runnable;Ljava/lang/Runnable;)V+85
j  javax.media.opengl.awt.GLCanvas$8.run()V+49
j  java.awt.event.InvocationEvent.dispatch()V+11
j  java.awt.EventQueue.dispatchEventImpl(Ljava/awt/AWTEvent;Ljava/lang/Object;)V+21
j  java.awt.EventQueue.access$200(Ljava/awt/EventQueue;Ljava/awt/AWTEvent;Ljava/lang/Object;)V+3
j  java.awt.EventQueue$3.run()Ljava/lang/Void;+12
j  java.awt.EventQueue$3.run()Ljava/lang/Object;+1
v  ~StubRoutines::call_stub
j  java.security.AccessController.doPrivileged(Ljava/security/PrivilegedAction;Ljava/security/AccessControlContext;)Ljava/lang/Object;+0
j  java.security.ProtectionDomain$1.doIntersectionPrivilege(Ljava/security/PrivilegedAction;Ljava/security/AccessControlContext;Ljava/security/AccessControlContext;)Ljava/lang/Object;+28
j  java.awt.EventQueue.dispatchEvent(Ljava/awt/AWTEvent;)V+46
j  java.awt.EventDispatchThread.pumpOneEventForFilters(I)V+245
j  java.awt.EventDispatchThread.pumpEventsForFilter(ILjava/awt/Conditional;Ljava/awt/EventFilter;)V+35
j  java.awt.EventDispatchThread.pumpEventsForHierarchy(ILjava/awt/Conditional;Ljava/awt/Component;)V+11
j  java.awt.EventDispatchThread.pumpEvents(ILjava/awt/Conditional;)V+4
j  java.awt.EventDispatchThread.pumpEvents(Ljava/awt/Conditional;)V+3
j  java.awt.EventDispatchThread.run()V+9
v  ~StubRoutines::call_stub

---------------  P R O C E S S  ---------------

Java Threads: ( => current thread )
  0x0678cc00 JavaThread "D3D Screen Updater" daemon [_thread_blocked, id=1976, stack(0x079e0000,0x07a30000)]
  0x0125b400 JavaThread "DestroyJavaVM" [_thread_blocked, id=3628, stack(0x012f0000,0x01340000)]
  0x066c3000 JavaThread "Timer-0" [_thread_blocked, id=604, stack(0x07570000,0x075c0000)]
  0x03e4cc00 JavaThread "main-SharedResourceRunner" daemon [_thread_blocked, id=5072, stack(0x06440000,0x06490000)]
=>0x03e1d400 JavaThread "AWT-EventQueue-0" [_thread_in_native, id=3188, stack(0x062e0000,0x06330000)]
  0x03ced400 JavaThread "AWT-Windows" daemon [_thread_in_native, id=5076, stack(0x03b00000,0x03b50000)]
  0x03cec800 JavaThread "AWT-Shutdown" [_thread_blocked, id=4716, stack(0x03f50000,0x03fa0000)]
  0x03cea000 JavaThread "Java2D Disposer" daemon [_thread_blocked, id=4928, stack(0x040c0000,0x04110000)]
  0x017ca400 JavaThread "Service Thread" daemon [_thread_blocked, id=5756, stack(0x03920000,0x03970000)]
  0x017bfc00 JavaThread "C1 CompilerThread0" daemon [_thread_blocked, id=3652, stack(0x038c0000,0x03910000)]
  0x017be800 JavaThread "Attach Listener" daemon [_thread_blocked, id=792, stack(0x03c10000,0x03c60000)]
  0x017bb400 JavaThread "Signal Dispatcher" daemon [_thread_blocked, id=3724, stack(0x03b80000,0x03bd0000)]
  0x017a6400 JavaThread "Finalizer" daemon [_thread_blocked, id=1524, stack(0x039b0000,0x03a00000)]
  0x017a5000 JavaThread "Reference Handler" daemon [_thread_blocked, id=2272, stack(0x03a20000,0x03a70000)]

Other Threads:
  0x017a3400 VMThread [stack: 0x012a0000,0x012f0000] [id=6100]
  0x017e6400 WatcherThread [stack: 0x03a90000,0x03ae0000] [id=2472]

VM state:not at safepoint (normal execution)

VM Mutex/Monitor currently owned by a thread: None

Heap
 def new generation   total 4992K, used 4948K [0x238d0000, 0x23e30000, 0x28e20000)
  eden space 4480K,  99% used [0x238d0000, 0x23d252e8, 0x23d30000)
  from space 512K, 100% used [0x23db0000, 0x23e30000, 0x23e30000)
  to   space 512K,   0% used [0x23d30000, 0x23d30000, 0x23db0000)
 tenured generation   total 20164K, used 11996K [0x28e20000, 0x2a1d1000, 0x338d0000)
   the space 20164K,  59% used [0x28e20000, 0x299d71b0, 0x299d7200, 0x2a1d1000)
 compacting perm gen  total 12288K, used 6456K [0x338d0000, 0x344d0000, 0x378d0000)
   the space 12288K,  52% used [0x338d0000, 0x33f1e340, 0x33f1e400, 0x344d0000)
    ro space 10240K,  42% used [0x378d0000, 0x37d11d60, 0x37d11e00, 0x382d0000)
    rw space 12288K,  54% used [0x382d0000, 0x38952928, 0x38952a00, 0x38ed0000)

Card table byte_map: [0x03800000,0x038b0000] byte_map_base: 0x036e3980

Polling page: 0x00120000

Code Cache  [0x01800000, 0x01930000, 0x03800000)
 total_blobs=768 nmethods=378 adapters=325 free_code_cache=31570Kb largest_free_block=32328320

Compilation events (10 events):
Event: 2.941 Thread 0x017bfc00  373             plants.rendering.drawable.Cylinder::setupWeight (315 bytes)
Event: 2.943 Thread 0x017bfc00 nmethod 373 0x01924f08 code [0x01925230, 0x01926158]
Event: 2.943 Thread 0x017bfc00  374             java.lang.StrictMath::floorOrCeil (128 bytes)
Event: 2.943 Thread 0x017bfc00 nmethod 374 0x01927948 code [0x01927a40, 0x01927c00]
Event: 2.943 Thread 0x017bfc00  375             java.lang.Math::getExponent (5 bytes)
Event: 2.943 Thread 0x017bfc00 nmethod 375 0x01927c48 code [0x01927d40, 0x01927df0]
Event: 2.943 Thread 0x017bfc00  376             sun.misc.FpUtils::getExponent (17 bytes)
Event: 2.943 Thread 0x017bfc00 nmethod 376 0x01927e48 code [0x01927f40, 0x01927ff0]
Event: 2.951 Thread 0x017bfc00  377             plants.rendering.drawable.Cylinder::regroupDataIntoTriangles (230 bytes)
Event: 2.953 Thread 0x017bfc00 nmethod 377 0x01928048 code [0x01928360, 0x019293fc]

GC Heap History (10 events):
Event: 1.750 GC heap before
{Heap before GC invocations=5 (full 0):
 def new generation   total 4928K, used 4642K [0x238d0000, 0x23e20000, 0x28e20000)
  eden space 4416K,  99% used [0x238d0000, 0x23d1f7c8, 0x23d20000)
  from space 512K,  44% used [0x23da0000, 0x23dd9058, 0x23e20000)
  to   space 512K,   0% used [0x23d20000, 0x23d20000, 0x23da0000)
 tenured generation   total 10944K, used 1920K [0x28e20000, 0x298d0000, 0x338d0000)
   the space 10944K,  17% used [0x28e20000, 0x290001d8, 0x29000200, 0x298d0000)
 compacting perm gen  total 12288K, used 4349K [0x338d0000, 0x344d0000, 0x378d0000)
   the space 12288K,  35% used [0x338d0000, 0x33d0f590, 0x33d0f600, 0x344d0000)
    ro space 10240K,  42% used [0x378d0000, 0x37d11d60, 0x37d11e00, 0x382d0000)
    rw space 12288K,  54% used [0x382d0000, 0x38952928, 0x38952a00, 0x38ed0000)
Event: 1.754 GC heap after
Heap after GC invocations=6 (full 0):
 def new generation   total 4928K, used 512K [0x238d0000, 0x23e20000, 0x28e20000)
  eden space 4416K,   0% used [0x238d0000, 0x238d0000, 0x23d20000)
  from space 512K, 100% used [0x23d20000, 0x23da0000, 0x23da0000)
  to   space 512K,   0% used [0x23da0000, 0x23da0000, 0x23e20000)
 tenured generation   total 10944K, used 1970K [0x28e20000, 0x298d0000, 0x338d0000)
   the space 10944K,  18% used [0x28e20000, 0x2900cab0, 0x2900cc00, 0x298d0000)
 compacting perm gen  total 12288K, used 4349K [0x338d0000, 0x344d0000, 0x378d0000)
   the space 12288K,  35% used [0x338d0000, 0x33d0f590, 0x33d0f600, 0x344d0000)
    ro space 10240K,  42% used [0x378d0000, 0x37d11d60, 0x37d11e00, 0x382d0000)
    rw space 12288K,  54% used [0x382d0000, 0x38952928, 0x38952a00, 0x38ed0000)
}
Event: 1.942 GC heap before
{Heap before GC invocations=6 (full 0):
 def new generation   total 4928K, used 2543K [0x238d0000, 0x23e20000, 0x28e20000)
  eden space 4416K,  46% used [0x238d0000, 0x23acbef8, 0x23d20000)
  from space 512K, 100% used [0x23d20000, 0x23da0000, 0x23da0000)
  to   space 512K,   0% used [0x23da0000, 0x23da0000, 0x23e20000)
 tenured generation   total 10944K, used 1970K [0x28e20000, 0x298d0000, 0x338d0000)
   the space 10944K,  18% used [0x28e20000, 0x2900cab0, 0x2900cc00, 0x298d0000)
 compacting perm gen  total 12288K, used 5314K [0x338d0000, 0x344d0000, 0x378d0000)
   the space 12288K,  43% used [0x338d0000, 0x33e008a8, 0x33e00a00, 0x344d0000)
    ro space 10240K,  42% used [0x378d0000, 0x37d11d60, 0x37d11e00, 0x382d0000)
    rw space 12288K,  54% used [0x382d0000, 0x38952928, 0x38952a00, 0x38ed0000)
Event: 1.980 GC heap after
Heap after GC invocations=7 (full 1):
 def new generation   total 4992K, used 0K [0x238d0000, 0x23e30000, 0x28e20000)
  eden space 4480K,   0% used [0x238d0000, 0x238d0000, 0x23d30000)
  from space 512K,   0% used [0x23d30000, 0x23d30000, 0x23db0000)
  to   space 512K,   0% used [0x23db0000, 0x23db0000, 0x23e30000)
 tenured generation   total 10944K, used 2713K [0x28e20000, 0x298d0000, 0x338d0000)
   the space 10944K,  24% used [0x28e20000, 0x290c66b8, 0x290c6800, 0x298d0000)
 compacting perm gen  total 12288K, used 5314K [0x338d0000, 0x344d0000, 0x378d0000)
   the space 12288K,  43% used [0x338d0000, 0x33e008a8, 0x33e00a00, 0x344d0000)
    ro space 10240K,  42% used [0x378d0000, 0x37d11d60, 0x37d11e00, 0x382d0000)
    rw space 12288K,  54% used [0x382d0000, 0x38952928, 0x38952a00, 0x38ed0000)
}
Event: 2.056 GC heap before
{Heap before GC invocations=7 (full 1):
 def new generation   total 4992K, used 4478K [0x238d0000, 0x23e30000, 0x28e20000)
  eden space 4480K,  99% used [0x238d0000, 0x23d2f880, 0x23d30000)
  from space 512K,   0% used [0x23d30000, 0x23d30000, 0x23db0000)
  to   space 512K,   0% used [0x23db0000, 0x23db0000, 0x23e30000)
 tenured generation   total 20164K, used 11929K [0x28e20000, 0x2a1d1000, 0x338d0000)
   the space 20164K,  59% used [0x28e20000, 0x299c66c8, 0x299c6800, 0x2a1d1000)
 compacting perm gen  total 12288K, used 5322K [0x338d0000, 0x344d0000, 0x378d0000)
   the space 12288K,  43% used [0x338d0000, 0x33e02a38, 0x33e02c00, 0x344d0000)
    ro space 10240K,  42% used [0x378d0000, 0x37d11d60, 0x37d11e00, 0x382d0000)
    rw space 12288K,  54% used [0x382d0000, 0x38952928, 0x38952a00, 0x38ed0000)
Event: 2.057 GC heap after
Heap after GC invocations=8 (full 1):
 def new generation   total 4992K, used 6K [0x238d0000, 0x23e30000, 0x28e20000)
  eden space 4480K,   0% used [0x238d0000, 0x238d0000, 0x23d30000)
  from space 512K,   1% used [0x23db0000, 0x23db1b38, 0x23e30000)
  to   space 512K,   0% used [0x23d30000, 0x23d30000, 0x23db0000)
 tenured generation   total 20164K, used 11929K [0x28e20000, 0x2a1d1000, 0x338d0000)
   the space 20164K,  59% used [0x28e20000, 0x299c66c8, 0x299c6800, 0x2a1d1000)
 compacting perm gen  total 12288K, used 5322K [0x338d0000, 0x344d0000, 0x378d0000)
   the space 12288K,  43% used [0x338d0000, 0x33e02a38, 0x33e02c00, 0x344d0000)
    ro space 10240K,  42% used [0x378d0000, 0x37d11d60, 0x37d11e00, 0x382d0000)
    rw space 12288K,  54% used [0x382d0000, 0x38952928, 0x38952a00, 0x38ed0000)
}
Event: 2.116 GC heap before
{Heap before GC invocations=8 (full 1):
 def new generation   total 4992K, used 4480K [0x238d0000, 0x23e30000, 0x28e20000)
  eden space 4480K,  99% used [0x238d0000, 0x23d2e890, 0x23d30000)
  from space 512K,   1% used [0x23db0000, 0x23db1b38, 0x23e30000)
  to   space 512K,   0% used [0x23d30000, 0x23d30000, 0x23db0000)
 tenured generation   total 20164K, used 11929K [0x28e20000, 0x2a1d1000, 0x338d0000)
   the space 20164K,  59% used [0x28e20000, 0x299c66c8, 0x299c6800, 0x2a1d1000)
 compacting perm gen  total 12288K, used 5322K [0x338d0000, 0x344d0000, 0x378d0000)
   the space 12288K,  43% used [0x338d0000, 0x33e02a48, 0x33e02c00, 0x344d0000)
    ro space 10240K,  42% used [0x378d0000, 0x37d11d60, 0x37d11e00, 0x382d0000)
    rw space 12288K,  54% used [0x382d0000, 0x38952928, 0x38952a00, 0x38ed0000)
Event: 2.117 GC heap after
Heap after GC invocations=9 (full 1):
 def new generation   total 4992K, used 6K [0x238d0000, 0x23e30000, 0x28e20000)
  eden space 4480K,   0% used [0x238d0000, 0x238d0000, 0x23d30000)
  from space 512K,   1% used [0x23d30000, 0x23d31b38, 0x23db0000)
  to   space 512K,   0% used [0x23db0000, 0x23db0000, 0x23e30000)
 tenured generation   total 20164K, used 11929K [0x28e20000, 0x2a1d1000, 0x338d0000)
   the space 20164K,  59% used [0x28e20000, 0x299c66c8, 0x299c6800, 0x2a1d1000)
 compacting perm gen  total 12288K, used 5322K [0x338d0000, 0x344d0000, 0x378d0000)
   the space 12288K,  43% used [0x338d0000, 0x33e02a48, 0x33e02c00, 0x344d0000)
    ro space 10240K,  42% used [0x378d0000, 0x37d11d60, 0x37d11e00, 0x382d0000)
    rw space 12288K,  54% used [0x382d0000, 0x38952928, 0x38952a00, 0x38ed0000)
}
Event: 2.812 GC heap before
{Heap before GC invocations=9 (full 1):
 def new generation   total 4992K, used 4486K [0x238d0000, 0x23e30000, 0x28e20000)
  eden space 4480K, 100% used [0x238d0000, 0x23d30000, 0x23d30000)
  from space 512K,   1% used [0x23d30000, 0x23d31b38, 0x23db0000)
  to   space 512K,   0% used [0x23db0000, 0x23db0000, 0x23e30000)
 tenured generation   total 20164K, used 11929K [0x28e20000, 0x2a1d1000, 0x338d0000)
   the space 20164K,  59% used [0x28e20000, 0x299c66c8, 0x299c6800, 0x2a1d1000)
 compacting perm gen  total 12288K, used 6441K [0x338d0000, 0x344d0000, 0x378d0000)
   the space 12288K,  52% used [0x338d0000, 0x33f1a6a0, 0x33f1a800, 0x344d0000)
    ro space 10240K,  42% used [0x378d0000, 0x37d11d60, 0x37d11e00, 0x382d0000)
    rw space 12288K,  54% used [0x382d0000, 0x38952928, 0x38952a00, 0x38ed0000)
Event: 2.815 GC heap after
Heap after GC invocations=10 (full 1):
 def new generation   total 4992K, used 512K [0x238d0000, 0x23e30000, 0x28e20000)
  eden space 4480K,   0% used [0x238d0000, 0x238d0000, 0x23d30000)
  from space 512K, 100% used [0x23db0000, 0x23e30000, 0x23e30000)
  to   space 512K,   0% used [0x23d30000, 0x23d30000, 0x23db0000)
 tenured generation   total 20164K, used 11996K [0x28e20000, 0x2a1d1000, 0x338d0000)
   the space 20164K,  59% used [0x28e20000, 0x299d71b0, 0x299d7200, 0x2a1d1000)
 compacting perm gen  total 12288K, used 6441K [0x338d0000, 0x344d0000, 0x378d0000)
   the space 12288K,  52% used [0x338d0000, 0x33f1a6a0, 0x33f1a800, 0x344d0000)
    ro space 10240K,  42% used [0x378d0000, 0x37d11d60, 0x37d11e00, 0x382d0000)
    rw space 12288K,  54% used [0x382d0000, 0x38952928, 0x38952a00, 0x38ed0000)
}

Deoptimization events (0 events):
No events

Internal exceptions (10 events):
Event: 2.802 Thread 0x03e1d400 Threw 0x23d02570 at C:\jdk7u2_32P\jdk7u17\hotspot\src\share\vm\prims\jvm.cpp:1166
Event: 2.802 Thread 0x03e1d400 Threw 0x23d09470 at C:\jdk7u2_32P\jdk7u17\hotspot\src\share\vm\prims\jvm.cpp:1166
Event: 2.805 Thread 0x03e1d400 Threw 0x23d13b00 at C:\jdk7u2_32P\jdk7u17\hotspot\src\share\vm\prims\jvm.cpp:1166
Event: 2.806 Thread 0x03e1d400 Threw 0x23d17878 at C:\jdk7u2_32P\jdk7u17\hotspot\src\share\vm\prims\jvm.cpp:1166
Event: 2.807 Thread 0x03e1d400 Threw 0x23d1ad90 at C:\jdk7u2_32P\jdk7u17\hotspot\src\share\vm\prims\jvm.cpp:1166
Event: 2.808 Thread 0x03e1d400 Threw 0x23d1c8c8 at C:\jdk7u2_32P\jdk7u17\hotspot\src\share\vm\prims\jvm.cpp:1166
Event: 2.809 Thread 0x03e1d400 Threw 0x23d20318 at C:\jdk7u2_32P\jdk7u17\hotspot\src\share\vm\prims\jvm.cpp:1166
Event: 2.810 Thread 0x03e1d400 Threw 0x23d25238 at C:\jdk7u2_32P\jdk7u17\hotspot\src\share\vm\prims\jvm.cpp:1166
Event: 2.812 Thread 0x03e1d400 Threw 0x23d2c390 at C:\jdk7u2_32P\jdk7u17\hotspot\src\share\vm\prims\jvm.cpp:1166
Event: 2.817 Thread 0x03e1d400 Threw 0x238d4ec8 at C:\jdk7u2_32P\jdk7u17\hotspot\src\share\vm\prims\jvm.cpp:1166

Events (10 events):
Event: 2.811 loading class 0x06974378
Event: 2.811 loading class 0x06974378 done
Event: 2.812 Executing VM operation: GenCollectForAllocation
Event: 2.815 Executing VM operation: GenCollectForAllocation done
Event: 2.816 loading class 0x38ef19b8
Event: 2.816 loading class 0x38ef19b8 done
Event: 2.817 loading class 0x38f09060
Event: 2.817 loading class 0x38f09060 done
Event: 2.817 loading class 0x06981160
Event: 2.817 loading class 0x06981160 done


Dynamic libraries:
0x01390000 - 0x013bf000 	C:\Program Files\Java\jre7\bin\javaw.exe
0x77690000 - 0x777cc000 	C:\Windows\SYSTEM32\ntdll.dll
0x75b70000 - 0x75c44000 	C:\Windows\system32\kernel32.dll
0x75760000 - 0x757ab000 	C:\Windows\system32\KERNELBASE.dll
0x75ad0000 - 0x75b70000 	C:\Windows\system32\ADVAPI32.dll
0x75df0000 - 0x75e9c000 	C:\Windows\system32\msvcrt.dll
0x75c70000 - 0x75c89000 	C:\Windows\SYSTEM32\sechost.dll
0x76560000 - 0x76601000 	C:\Windows\system32\RPCRT4.dll
0x775c0000 - 0x77689000 	C:\Windows\system32\USER32.dll
0x75da0000 - 0x75dee000 	C:\Windows\system32\GDI32.dll
0x75c90000 - 0x75c9a000 	C:\Windows\system32\LPK.dll
0x75ca0000 - 0x75d3d000 	C:\Windows\system32\USP10.dll
0x741b0000 - 0x7434e000 	C:\Windows\WinSxS\x86_microsoft.windows.common-controls_6595b64144ccf1df_6.0.7601.17514_none_41e6975e2bd6f2b2\COMCTL32.dll
0x75d40000 - 0x75d97000 	C:\Windows\system32\SHLWAPI.dll
0x75c50000 - 0x75c6f000 	C:\Windows\system32\IMM32.DLL
0x76170000 - 0x7623c000 	C:\Windows\system32\MSCTF.dll
0x5ec40000 - 0x5ecfe000 	C:\Program Files\Java\jre7\bin\msvcr100.dll
0x61f90000 - 0x622dc000 	C:\Program Files\Java\jre7\bin\client\jvm.dll
0x72c90000 - 0x72c97000 	C:\Windows\system32\WSOCK32.dll
0x774f0000 - 0x77525000 	C:\Windows\system32\WS2_32.dll
0x777d0000 - 0x777d6000 	C:\Windows\system32\NSI.dll
0x734c0000 - 0x734f2000 	C:\Windows\system32\WINMM.dll
0x77530000 - 0x77535000 	C:\Windows\system32\PSAPI.DLL
0x6a850000 - 0x6a85c000 	C:\Program Files\Java\jre7\bin\verify.dll
0x69e40000 - 0x69e60000 	C:\Program Files\Java\jre7\bin\java.dll
0x6a610000 - 0x6a623000 	C:\Program Files\Java\jre7\bin\zip.dll
0x58b70000 - 0x58cb2000 	C:\Program Files\Java\jre7\bin\awt.dll
0x75a40000 - 0x75acf000 	C:\Windows\system32\OLEAUT32.dll
0x76240000 - 0x7639c000 	C:\Windows\system32\ole32.dll
0x73e40000 - 0x73e53000 	C:\Windows\system32\DWMAPI.DLL
0x74130000 - 0x74170000 	C:\Windows\system32\uxtheme.dll
0x75660000 - 0x7566c000 	C:\Windows\system32\CRYPTBASE.dll
0x641b0000 - 0x64373000 	C:\Windows\system32\d3d9.dll
0x74bd0000 - 0x74bd9000 	C:\Windows\system32\VERSION.dll
0x6dba0000 - 0x6dba6000 	C:\Windows\system32\d3d8thk.dll
0x62630000 - 0x63489000 	C:\Windows\system32\nvd3dum.dll
0x74a10000 - 0x74a35000 	C:\Windows\system32\powrprof.dll
0x75eb0000 - 0x7604d000 	C:\Windows\system32\SETUPAPI.dll
0x75800000 - 0x75827000 	C:\Windows\system32\CFGMGR32.dll
0x75860000 - 0x75872000 	C:\Windows\system32\DEVOBJ.dll
0x76610000 - 0x7725a000 	C:\Windows\system32\SHELL32.dll
0x75190000 - 0x751a6000 	C:\Windows\system32\CRYPTSP.dll
0x74f30000 - 0x74f6b000 	C:\Windows\system32\rsaenh.dll
0x74d40000 - 0x74d57000 	C:\Windows\system32\USERENV.dll
0x756e0000 - 0x756eb000 	C:\Windows\system32\profapi.dll
0x69af0000 - 0x69b04000 	C:\Program Files\Java\jre7\bin\net.dll
0x75150000 - 0x7518c000 	C:\Windows\system32\mswsock.dll
0x75140000 - 0x75146000 	C:\Windows\System32\wship6.dll
0x74380000 - 0x74390000 	C:\Windows\system32\NLAapi.dll
0x6e550000 - 0x6e560000 	C:\Windows\system32\napinsp.dll
0x6e520000 - 0x6e532000 	C:\Windows\system32\pnrpnsp.dll
0x75010000 - 0x75054000 	C:\Windows\system32\DNSAPI.dll
0x6e510000 - 0x6e518000 	C:\Windows\System32\winrnr.dll
0x74c60000 - 0x74c65000 	C:\Windows\System32\wshtcpip.dll
0x73c30000 - 0x73c4c000 	C:\Windows\system32\IPHLPAPI.DLL
0x73c20000 - 0x73c27000 	C:\Windows\system32\WINNSI.DLL
0x6e380000 - 0x6e386000 	C:\Windows\system32\rasadhlp.dll
0x73ae0000 - 0x73b18000 	C:\Windows\System32\fwpuclnt.dll
0x6acc0000 - 0x6acce000 	C:\Program Files\Java\jre7\bin\nio.dll
0x637c0000 - 0x637ca000 	C:\Users\Bastien\AppData\Local\Temp\jogamp_0000\file_cache\jln3466528659170254413\jln4333319098565836482\gluegen-rt.dll
0x748b0000 - 0x748b6000 	C:\Program Files\Java\jre7\bin\jawt.dll
0x6a440000 - 0x6a44a000 	C:\Users\Bastien\AppData\Local\Temp\jogamp_0000\file_cache\jln3466528659170254413\jln4333319098565836482\nativewindow_awt.dll
0x6c100000 - 0x6c110000 	C:\Users\Bastien\AppData\Local\Temp\jogamp_0000\file_cache\jln3466528659170254413\jln4333319098565836482\nativewindow_win32.dll
0x68ca0000 - 0x68d68000 	C:\Windows\system32\OpenGL32.dll
0x6ca50000 - 0x6ca72000 	C:\Windows\system32\GLU32.dll
0x59420000 - 0x59507000 	C:\Windows\system32\DDRAW.dll
0x73330000 - 0x73336000 	C:\Windows\system32\DCIMAN32.dll
0x64500000 - 0x6456a000 	C:\Users\Bastien\AppData\Local\Temp\jogamp_0000\file_cache\jln3466528659170254413\jln4333319098565836482\jogl_desktop.dll
0x51ea0000 - 0x5325d000 	C:\Windows\system32\nvoglv32.DLL
0x757b0000 - 0x757dd000 	C:\Windows\system32\WINTRUST.dll
0x75880000 - 0x7599e000 	C:\Windows\system32\CRYPT32.dll
0x75750000 - 0x7575c000 	C:\Windows\system32\MSASN1.dll
0x74430000 - 0x74451000 	C:\Windows\system32\ntmarta.dll
0x77870000 - 0x778b5000 	C:\Windows\system32\WLDAP32.dll
0x6ca80000 - 0x6caaa000 	C:\Program Files\Java\jre7\bin\fontmanager.dll
0x634e0000 - 0x63505000 	C:\Program Files\Java\jre7\bin\jpeg.dll
0x71340000 - 0x7142b000 	C:\Windows\system32\dbghelp.dll

VM Arguments:
jvm_args: -Djava.library.path=C:\Users\Bastien\Desktop\libs\java3d\all-platform\lib;C:\Users\Bastien\Desktop\libs\jdom-2.0.3\all-platform\lib;C:\Users\Bastien\Desktop\libs\jogl-2.0\all-platform\lib\windows-i586;C:\Users\Bastien\Desktop\libs\jogl-2.0\all-platform\lib -Dfile.encoding=Cp1252 
java_command: plants.app.Launcher
Launcher Type: SUN_STANDARD

Environment Variables:
CLASSPATH=.;C:\Program Files\Java\jre7\lib\ext\QTJava.zip
PATH=C:/Program Files/Java/jre7/bin/client;C:/Program Files/Java/jre7/bin;C:/Program Files/Java/jre7/lib/i386;C:\Program Files\NVIDIA Corporation\PhysX\Common;C:\Windows\system32;C:\Windows;C:\Windows\System32\Wbem;C:\Windows\System32\WindowsPowerShell\v1.0\;C:\Program Files\Common Files\Autodesk Shared\;C:\Program Files\QuickTime\QTSystem\;C:\Program Files\Autodesk\Backburner\;C:\Users\Bastien\Desktop\PROG\eclipse;
USERNAME=Bastien
OS=Windows_NT
PROCESSOR_IDENTIFIER=x86 Family 6 Model 23 Stepping 6, GenuineIntel



---------------  S Y S T E M  ---------------

OS: Windows 7 Build 7601 Service Pack 1

CPU:total 2 (2 cores per cpu, 1 threads per core) family 6 model 23 stepping 6, cmov, cx8, fxsr, mmx, sse, sse2, sse3, ssse3, sse4.1, tsc

Memory: 4k page, physical 3143976k(1380556k free), swap 6286200k(3776688k free)

vm_info: Java HotSpot(TM) Client VM (23.7-b01) for windows-x86 JRE (1.7.0_17-b02), built on Mar  1 2013 05:04:36 by "java_re" with unknown MS VC++:1600

time: Tue May 14 11:30:19 2013
elapsed time: 3 seconds

